Log file open, 06/08/19 16:54:35
LogWindows: Failed to load 'aqProf.dll' (GetLastError=126)
LogWindows: File 'aqProf.dll' does not exist
LogWindows: Failed to load 'VtuneApi.dll' (GetLastError=126)
LogWindows: File 'VtuneApi.dll' does not exist
LogWindows: Failed to load 'VtuneApi32e.dll' (GetLastError=126)
LogWindows: File 'VtuneApi32e.dll' does not exist
LogConsoleResponse: Display: Failed to find resolution value strings in scalability ini. Falling back to default.
LogInit: Display: Running engine for game: ItsOn
LogPakFile: Registered encryption key '00000000000000000000000000000000': 0 pak files mounted, 0 remain pending
LogPlatformFile: Not using cached read wrapper
LogTaskGraph: Started task graph with 5 named threads and 35 total threads with 3 sets of task threads.
LogStats: Stats thread started at 0.399129
LogD3D11RHI: Loaded GFSDK_Aftermath_Lib.x64.dll
LogICUInternationalization: ICU TimeZone Detection - Raw Offset: -8:00, Platform Override: ''
LogPluginManager: Mounting plugin Paper2D
LogPluginManager: Mounting plugin AISupport
LogPluginManager: Mounting plugin LightPropagationVolume
LogPluginManager: Mounting plugin ActorLayerUtilities
LogPluginManager: Mounting plugin AnimationSharing
LogPluginManager: Mounting plugin CLionSourceCodeAccess
LogPluginManager: Mounting plugin CodeLiteSourceCodeAccess
LogPluginManager: Mounting plugin GitSourceControl
LogPluginManager: Mounting plugin KDevelopSourceCodeAccess
LogPluginManager: Mounting plugin NullSourceCodeAccess
LogPluginManager: Mounting plugin PerforceSourceControl
LogPluginManager: Mounting plugin SubversionSourceControl
LogPluginManager: Mounting plugin UObjectPlugin
LogPluginManager: Mounting plugin VisualStudioCodeSourceCodeAccess
LogPluginManager: Mounting plugin VisualStudioSourceCodeAccess
LogPluginManager: Mounting plugin XCodeSourceCodeAccess
LogPluginManager: Mounting plugin AssetManagerEditor
LogPluginManager: Mounting plugin CryptoKeys
LogPluginManager: Mounting plugin DataValidation
LogPluginManager: Mounting plugin FacialAnimation
LogPluginManager: Mounting plugin GameplayTagsEditor
LogPluginManager: Mounting plugin MacGraphicsSwitching
LogPluginManager: Mounting plugin MaterialAnalyzer
LogPluginManager: Mounting plugin MobileLauncherProfileWizard
LogPluginManager: Mounting plugin PluginBrowser
LogPluginManager: Mounting plugin SpeedTreeImporter
LogPluginManager: Mounting plugin DatasmithContent
LogPluginManager: Mounting plugin VariantManagerContent
LogPluginManager: Mounting plugin AlembicImporter
LogPluginManager: Mounting plugin AppleImageUtils
LogPluginManager: Mounting plugin AppleVision
LogPluginManager: Mounting plugin BackChannel
LogPluginManager: Mounting plugin CharacterAI
LogPluginManager: Mounting plugin GeometryCache
LogPluginManager: Mounting plugin HTML5Networking
LogPluginManager: Mounting plugin ProxyLODPlugin
LogPluginManager: Mounting plugin SkeletalReduction
LogPluginManager: Mounting plugin MagicLeap
LogPluginManager: Mounting plugin MagicLeapMedia
LogPluginManager: Mounting plugin AndroidMedia
LogPluginManager: Mounting plugin AvfMedia
LogPluginManager: Mounting plugin ImgMedia
LogPluginManager: Mounting plugin LinearTimecode
LogPluginManager: Mounting plugin MediaCompositing
LogPluginManager: Mounting plugin MediaPlayerEditor
LogPluginManager: Mounting plugin WebMMedia
LogPluginManager: Mounting plugin WmfMedia
LogPluginManager: Mounting plugin TcpMessaging
LogPluginManager: Mounting plugin UdpMessaging
LogPluginManager: Mounting plugin ActorSequence
LogPluginManager: Mounting plugin LevelSequenceEditor
LogPluginManager: Mounting plugin MatineeToLevelSequence
LogPluginManager: Mounting plugin NetcodeUnitTest
LogPluginManager: Mounting plugin NUTUnrealEngine4
LogPluginManager: Mounting plugin OnlineSubsystemGooglePlay
LogPluginManager: Mounting plugin OnlineSubsystemIOS
LogPluginManager: Mounting plugin OnlineSubsystem
LogPluginManager: Mounting plugin OnlineSubsystemNull
LogPluginManager: Mounting plugin OnlineSubsystemUtils
LogPluginManager: Mounting plugin LauncherChunkInstaller
LogPluginManager: Mounting plugin AndroidDeviceProfileSelector
LogPluginManager: Mounting plugin AndroidMoviePlayer
LogPluginManager: Mounting plugin AndroidPermission
LogPluginManager: Mounting plugin AppleMoviePlayer
LogPluginManager: Mounting plugin ArchVisCharacter
LogPluginManager: Mounting plugin AudioCapture
LogPluginManager: Mounting plugin CableComponent
LogPluginManager: Mounting plugin CustomMeshComponent
LogPluginManager: Mounting plugin EditableMesh
LogPluginManager: Mounting plugin ExampleDeviceProfileSelector
LogPluginManager: Mounting plugin Firebase
LogPluginManager: Mounting plugin GoogleCloudMessaging
LogPluginManager: Mounting plugin IOSDeviceProfileSelector
LogPluginManager: Mounting plugin LinuxDeviceProfileSelector
LogPluginManager: Mounting plugin LocationServicesBPLibrary
LogPluginManager: Mounting plugin MobilePatchingUtils
LogPluginManager: Mounting plugin OculusVR
LogPluginManager: Mounting plugin PhysXVehicles
LogPluginManager: Mounting plugin ProceduralMeshComponent
LogPluginManager: Mounting plugin RuntimePhysXCooking
LogPluginManager: Mounting plugin SignificanceManager
LogPluginManager: Mounting plugin SteamVR
LogPluginManager: Mounting plugin WebMMoviePlayer
LogPluginManager: Mounting plugin WindowsMoviePlayer
LogInit: Using libcurl 7.55.1-DEV
LogInit:  - built for x86_64-pc-win32
LogInit:  - supports SSL with OpenSSL/1.1.1
LogInit:  - supports HTTP deflate (compression) using libz 1.2.8
LogInit:  - other features:
LogInit:      CURL_VERSION_SSL
LogInit:      CURL_VERSION_LIBZ
LogInit:      CURL_VERSION_IPV6
LogInit:      CURL_VERSION_ASYNCHDNS
LogInit:      CURL_VERSION_LARGEFILE
LogInit:      CURL_VERSION_IDN
LogInit:  CurlRequestOptions (configurable via config and command line):
LogInit:  - bVerifyPeer = true  - Libcurl will verify peer certificate
LogInit:  - bUseHttpProxy = false  - Libcurl will NOT use HTTP proxy
LogInit:  - bDontReuseConnections = false  - Libcurl will reuse connections
LogInit:  - MaxHostConnections = 16  - Libcurl will limit the number of connections to a host
LogInit:  - LocalHostAddr = Default
LogInit:  - BufferSize = 65536
LogInit: WinSock: version 1.1 (2.2), MaxSocks=32767, MaxUdp=65467
LogInit: Build: ++UE4+Release-4.22-CL-6574378
LogInit: Engine Version: 4.22.2-6574378+++UE4+Release-4.22
LogInit: Compatible Engine Version: 4.22.0-5660361+++UE4+Release-4.22
LogInit: Net CL: 5660361
LogInit: OS: Windows 10 (Release 1809) (), CPU: Intel(R) Core(TM) i7-7800X CPU @ 3.50GHz, GPU: NVIDIA GeForce GTX 1080 Ti
LogInit: Compiled (64-bit): May 20 2019 09:54:56
LogInit: Compiled with Visual C++: 19.16.27025.01
LogInit: Build Configuration: Development
LogInit: Branch Name: ++UE4+Release-4.22
LogInit: Command Line: 
LogInit: Base Directory: C:/Program Files/Epic Games/UE_4.22/Engine/Binaries/Win64/
LogInit: Installed Engine Build: 1
LogDevObjectVersion: Number of dev versions registered: 23
LogDevObjectVersion:   Dev-Blueprints (B0D832E4-1F89-4F0D-ACCF-7EB736FD4AA2): 10
LogDevObjectVersion:   Dev-Build (E1C64328-A22C-4D53-A36C-8E866417BD8C): 0
LogDevObjectVersion:   Dev-Core (375EC13C-06E4-48FB-B500-84F0262A717E): 3
LogDevObjectVersion:   Dev-Editor (E4B068ED-F494-42E9-A231-DA0B2E46BB41): 30
LogDevObjectVersion:   Dev-Framework (CFFC743F-43B0-4480-9391-14DF171D2073): 35
LogDevObjectVersion:   Dev-Mobile (B02B49B5-BB20-44E9-A304-32B752E40360): 2
LogDevObjectVersion:   Dev-Networking (A4E4105C-59A1-49B5-A7C5-40C4547EDFEE): 0
LogDevObjectVersion:   Dev-Online (39C831C9-5AE6-47DC-9A44-9C173E1C8E7C): 0
LogDevObjectVersion:   Dev-Physics (78F01B33-EBEA-4F98-B9B4-84EACCB95AA2): 0
LogDevObjectVersion:   Dev-Platform (6631380F-2D4D-43E0-8009-CF276956A95A): 0
LogDevObjectVersion:   Dev-Rendering (12F88B9F-8875-4AFC-A67C-D90C383ABD29): 28
LogDevObjectVersion:   Dev-Sequencer (7B5AE74C-D270-4C10-A958-57980B212A5A): 11
LogDevObjectVersion:   Dev-VR (D7296918-1DD6-4BDD-9DE2-64A83CC13884): 2
LogDevObjectVersion:   Dev-LoadTimes (C2A15278-BFE7-4AFE-6C17-90FF531DF755): 1
LogDevObjectVersion:   Private-Geometry (6EACA3D4-40EC-4CC1-B786-8BED09428FC5): 3
LogDevObjectVersion:   Dev-AnimPhys (29E575DD-E0A3-4627-9D10-D276232CDCEA): 17
LogDevObjectVersion:   Dev-Anim (AF43A65D-7FD3-4947-9873-3E8ED9C1BB05): 2
LogDevObjectVersion:   Dev-ReflectionCapture (6B266CEC-1EC7-4B8F-A30B-E4D90942FC07): 1
LogDevObjectVersion:   Dev-Automation (0DF73D61-A23F-47EA-B727-89E90C41499A): 1
LogDevObjectVersion:   FortniteMain (601D1886-AC64-4F84-AA16-D3DE0DEAC7D6): 25
LogDevObjectVersion:   Dev-Enterprise (9DFFBCD6-494F-0158-E221-12823C92A888): 6
LogDevObjectVersion:   Dev-Niagara (F2AED0AC-9AFE-416F-8664-AA7FFA26D6FC): 1
LogDevObjectVersion:   Dev-Destruction (174F1F0B-B4C6-45A5-B13F-2EE8D0FB917D): 2
LogInit: Presizing for max 16777216 objects, including 0 objects not considered by GC, pre-allocating 0 bytes for permanent pool.
LogInit: Object subsystem initialized
LogConfig: Setting CVar [[con.DebugEarlyDefault:1]]
LogConfig: Setting CVar [[r.setres:1280x720]]
[2019.06.08-23.54.36:244][  0]LogConfig: Setting CVar [[r.VSync:0]]
[2019.06.08-23.54.36:244][  0]LogConfig: Setting CVar [[r.RHICmdBypass:0]]
[2019.06.08-23.54.36:244][  0]LogConfig: Applying CVar settings from Section [/Script/Engine.RendererSettings] File [X:/ItsOnRepo_UE4/ItsOn_UE4/Saved/Config/Windows/Engine.ini]
[2019.06.08-23.54.36:244][  0]LogConfig: Setting CVar [[r.GPUCrashDebugging:0]]
[2019.06.08-23.54.36:244][  0]LogConfig: Applying CVar settings from Section [/Script/Engine.RendererOverrideSettings] File [X:/ItsOnRepo_UE4/ItsOn_UE4/Saved/Config/Windows/Engine.ini]
[2019.06.08-23.54.36:244][  0]LogConfig: Applying CVar settings from Section [/Script/Engine.StreamingSettings] File [X:/ItsOnRepo_UE4/ItsOn_UE4/Saved/Config/Windows/Engine.ini]
[2019.06.08-23.54.36:244][  0]LogConfig: Setting CVar [[s.MinBulkDataSizeForAsyncLoading:131072]]
[2019.06.08-23.54.36:244][  0]LogConfig: Setting CVar [[s.AsyncLoadingThreadEnabled:0]]
[2019.06.08-23.54.36:244][  0]LogConfig: Setting CVar [[s.EventDrivenLoaderEnabled:1]]
[2019.06.08-23.54.36:244][  0]LogConfig: Setting CVar [[s.WarnIfTimeLimitExceeded:0]]
[2019.06.08-23.54.36:244][  0]LogConfig: Setting CVar [[s.TimeLimitExceededMultiplier:1.5]]
[2019.06.08-23.54.36:244][  0]LogConfig: Setting CVar [[s.TimeLimitExceededMinTime:0.005]]
[2019.06.08-23.54.36:244][  0]LogConfig: Setting CVar [[s.UseBackgroundLevelStreaming:1]]
[2019.06.08-23.54.36:245][  0]LogConfig: Setting CVar [[s.PriorityAsyncLoadingExtraTime:15.0]]
[2019.06.08-23.54.36:245][  0]LogConfig: Setting CVar [[s.LevelStreamingActorsUpdateTimeLimit:5.0]]
[2019.06.08-23.54.36:245][  0]LogConfig: Setting CVar [[s.PriorityLevelStreamingActorsUpdateExtraTime:5.0]]
[2019.06.08-23.54.36:245][  0]LogConfig: Setting CVar [[s.LevelStreamingComponentsRegistrationGranularity:10]]
[2019.06.08-23.54.36:245][  0]LogConfig: Setting CVar [[s.UnregisterComponentsTimeLimit:1.0]]
[2019.06.08-23.54.36:245][  0]LogConfig: Setting CVar [[s.LevelStreamingComponentsUnregistrationGranularity:5]]
[2019.06.08-23.54.36:245][  0]LogConfig: Applying CVar settings from Section [/Script/Engine.GarbageCollectionSettings] File [X:/ItsOnRepo_UE4/ItsOn_UE4/Saved/Config/Windows/Engine.ini]
[2019.06.08-23.54.36:245][  0]LogConfig: Setting CVar [[gc.MaxObjectsNotConsideredByGC:1]]
[2019.06.08-23.54.36:245][  0]LogConfig: Setting CVar [[gc.SizeOfPermanentObjectPool:0]]
[2019.06.08-23.54.36:245][  0]LogConfig: Setting CVar [[gc.FlushStreamingOnGC:0]]
[2019.06.08-23.54.36:245][  0]LogConfig: Setting CVar [[gc.NumRetriesBeforeForcingGC:10]]
[2019.06.08-23.54.36:245][  0]LogConfig: Setting CVar [[gc.AllowParallelGC:1]]
[2019.06.08-23.54.36:245][  0]LogConfig: Setting CVar [[gc.TimeBetweenPurgingPendingKillObjects:61.1]]
[2019.06.08-23.54.36:245][  0]LogConfig: Setting CVar [[gc.MaxObjectsInEditor:16777216]]
[2019.06.08-23.54.36:245][  0]LogConfig: Setting CVar [[gc.IncrementalBeginDestroyEnabled:1]]
[2019.06.08-23.54.36:245][  0]LogConfig: Setting CVar [[gc.CreateGCClusters:1]]
[2019.06.08-23.54.36:245][  0]LogConfig: Setting CVar [[gc.MinGCClusterSize:5]]
[2019.06.08-23.54.36:245][  0]LogConfig: Setting CVar [[gc.ActorClusteringEnabled:0]]
[2019.06.08-23.54.36:245][  0]LogConfig: Setting CVar [[gc.BlueprintClusteringEnabled:0]]
[2019.06.08-23.54.36:245][  0]LogConfig: Setting CVar [[gc.UseDisregardForGCOnDedicatedServers:0]]
[2019.06.08-23.54.36:245][  0]LogConfig: Applying CVar settings from Section [/Script/Engine.NetworkSettings] File [X:/ItsOnRepo_UE4/ItsOn_UE4/Saved/Config/Windows/Engine.ini]
[2019.06.08-23.54.36:245][  0]LogConfig: Applying CVar settings from Section [/Script/UnrealEd.CookerSettings] File [X:/ItsOnRepo_UE4/ItsOn_UE4/Saved/Config/Windows/Engine.ini]
[2019.06.08-23.54.36:250][  0]LogConfig: Applying CVar settings from Section [ViewDistanceQuality@3] File [X:/ItsOnRepo_UE4/ItsOn_UE4/Saved/Config/Windows/Scalability.ini]
[2019.06.08-23.54.36:250][  0]LogConfig: Setting CVar [[r.SkeletalMeshLODBias:0]]
[2019.06.08-23.54.36:250][  0]LogConfig: Setting CVar [[r.ViewDistanceScale:1.0]]
[2019.06.08-23.54.36:250][  0]LogConfig: Applying CVar settings from Section [AntiAliasingQuality@3] File [X:/ItsOnRepo_UE4/ItsOn_UE4/Saved/Config/Windows/Scalability.ini]
[2019.06.08-23.54.36:250][  0]LogConfig: Setting CVar [[r.PostProcessAAQuality:4]]
[2019.06.08-23.54.36:250][  0]LogConfig: Applying CVar settings from Section [ShadowQuality@3] File [X:/ItsOnRepo_UE4/ItsOn_UE4/Saved/Config/Windows/Scalability.ini]
[2019.06.08-23.54.36:250][  0]LogConfig: Setting CVar [[r.LightFunctionQuality:1]]
[2019.06.08-23.54.36:250][  0]LogConfig: Setting CVar [[r.ShadowQuality:5]]
[2019.06.08-23.54.36:250][  0]LogConfig: Setting CVar [[r.Shadow.CSM.MaxCascades:10]]
[2019.06.08-23.54.36:250][  0]LogConfig: Setting CVar [[r.Shadow.MaxResolution:2048]]
[2019.06.08-23.54.36:250][  0]LogConfig: Setting CVar [[r.Shadow.MaxCSMResolution:2048]]
[2019.06.08-23.54.36:250][  0]LogConfig: Setting CVar [[r.Shadow.RadiusThreshold:0.01]]
[2019.06.08-23.54.36:250][  0]LogConfig: Setting CVar [[r.Shadow.DistanceScale:1.0]]
[2019.06.08-23.54.36:250][  0]LogConfig: Setting CVar [[r.Shadow.CSM.TransitionScale:1.0]]
[2019.06.08-23.54.36:250][  0]LogConfig: Setting CVar [[r.Shadow.PreShadowResolutionFactor:1.0]]
[2019.06.08-23.54.36:250][  0]LogConfig: Setting CVar [[r.DistanceFieldShadowing:1]]
[2019.06.08-23.54.36:250][  0]LogConfig: Setting CVar [[r.DistanceFieldAO:1]]
[2019.06.08-23.54.36:250][  0]LogConfig: Setting CVar [[r.AOQuality:2]]
[2019.06.08-23.54.36:250][  0]LogConfig: Setting CVar [[r.VolumetricFog:1]]
[2019.06.08-23.54.36:250][  0]LogConfig: Setting CVar [[r.VolumetricFog.GridPixelSize:8]]
[2019.06.08-23.54.36:250][  0]LogConfig: Setting CVar [[r.VolumetricFog.GridSizeZ:128]]
[2019.06.08-23.54.36:250][  0]LogConfig: Setting CVar [[r.VolumetricFog.HistoryMissSupersampleCount:4]]
[2019.06.08-23.54.36:250][  0]LogConfig: Setting CVar [[r.LightMaxDrawDistanceScale:1]]
[2019.06.08-23.54.36:250][  0]LogConfig: Setting CVar [[r.CapsuleShadows:1]]
[2019.06.08-23.54.36:250][  0]LogConfig: Applying CVar settings from Section [PostProcessQuality@3] File [X:/ItsOnRepo_UE4/ItsOn_UE4/Saved/Config/Windows/Scalability.ini]
[2019.06.08-23.54.36:250][  0]LogConfig: Setting CVar [[r.MotionBlurQuality:4]]
[2019.06.08-23.54.36:250][  0]LogConfig: Setting CVar [[r.AmbientOcclusionMipLevelFactor:0.4]]
[2019.06.08-23.54.36:250][  0]LogConfig: Setting CVar [[r.AmbientOcclusionMaxQuality:100]]
[2019.06.08-23.54.36:250][  0]LogConfig: Setting CVar [[r.AmbientOcclusionLevels:-1]]
[2019.06.08-23.54.36:250][  0]LogConfig: Setting CVar [[r.AmbientOcclusionRadiusScale:1.0]]
[2019.06.08-23.54.36:250][  0]LogConfig: Setting CVar [[r.DepthOfFieldQuality:2]]
[2019.06.08-23.54.36:250][  0]LogConfig: Setting CVar [[r.RenderTargetPoolMin:400]]
[2019.06.08-23.54.36:250][  0]LogConfig: Setting CVar [[r.LensFlareQuality:2]]
[2019.06.08-23.54.36:250][  0]LogConfig: Setting CVar [[r.SceneColorFringeQuality:1]]
[2019.06.08-23.54.36:250][  0]LogConfig: Setting CVar [[r.EyeAdaptationQuality:2]]
[2019.06.08-23.54.36:250][  0]LogConfig: Setting CVar [[r.BloomQuality:5]]
[2019.06.08-23.54.36:250][  0]LogConfig: Setting CVar [[r.FastBlurThreshold:100]]
[2019.06.08-23.54.36:250][  0]LogConfig: Setting CVar [[r.Upscale.Quality:3]]
[2019.06.08-23.54.36:250][  0]LogConfig: Setting CVar [[r.Tonemapper.GrainQuantization:1]]
[2019.06.08-23.54.36:250][  0]LogConfig: Setting CVar [[r.LightShaftQuality:1]]
[2019.06.08-23.54.36:250][  0]LogConfig: Setting CVar [[r.Filter.SizeScale:1]]
[2019.06.08-23.54.36:250][  0]LogConfig: Setting CVar [[r.Tonemapper.Quality:5]]
[2019.06.08-23.54.36:250][  0]LogConfig: Setting CVar [[r.DOF.Gather.AccumulatorQuality:1        ; higher gathering accumulator quality]]
[2019.06.08-23.54.36:250][  0]LogConfig: Setting CVar [[r.DOF.Gather.PostfilterMethod:1          ; Median3x3 postfilering method]]
[2019.06.08-23.54.36:250][  0]LogConfig: Setting CVar [[r.DOF.Gather.EnableBokehSettings:0       ; no bokeh simulation when gathering]]
[2019.06.08-23.54.36:250][  0]LogConfig: Setting CVar [[r.DOF.Gather.RingCount:4                 ; medium number of samples when gathering]]
[2019.06.08-23.54.36:250][  0]LogConfig: Setting CVar [[r.DOF.Scatter.ForegroundCompositing:1    ; additive foreground scattering]]
[2019.06.08-23.54.36:251][  0]LogConfig: Setting CVar [[r.DOF.Scatter.BackgroundCompositing:2    ; additive background scattering]]
[2019.06.08-23.54.36:251][  0]LogConfig: Setting CVar [[r.DOF.Scatter.EnableBokehSettings:1      ; bokeh simulation when scattering]]
[2019.06.08-23.54.36:251][  0]LogConfig: Setting CVar [[r.DOF.Scatter.MaxSpriteRatio:0.1         ; only a maximum of 10% of scattered bokeh]]
[2019.06.08-23.54.36:251][  0]LogConfig: Setting CVar [[r.DOF.Recombine.Quality:1                ; cheap slight out of focus]]
[2019.06.08-23.54.36:251][  0]LogConfig: Setting CVar [[r.DOF.Recombine.EnableBokehSettings:0    ; no bokeh simulation on slight out of focus]]
[2019.06.08-23.54.36:251][  0]LogConfig: Setting CVar [[r.DOF.TemporalAAQuality:1                ; more stable temporal accumulation]]
[2019.06.08-23.54.36:251][  0]LogConfig: Setting CVar [[r.DOF.Kernel.MaxForegroundRadius:0.025]]
[2019.06.08-23.54.36:251][  0]LogConfig: Setting CVar [[r.DOF.Kernel.MaxBackgroundRadius:0.025]]
[2019.06.08-23.54.36:251][  0]LogConfig: Applying CVar settings from Section [TextureQuality@3] File [X:/ItsOnRepo_UE4/ItsOn_UE4/Saved/Config/Windows/Scalability.ini]
[2019.06.08-23.54.36:251][  0]LogConfig: Setting CVar [[r.Streaming.MipBias:0]]
[2019.06.08-23.54.36:251][  0]LogConfig: Setting CVar [[r.Streaming.AmortizeCPUToGPUCopy:0]]
[2019.06.08-23.54.36:251][  0]LogConfig: Setting CVar [[r.Streaming.MaxNumTexturesToStreamPerFrame:0]]
[2019.06.08-23.54.36:251][  0]LogConfig: Setting CVar [[r.Streaming.Boost:1]]
[2019.06.08-23.54.36:251][  0]LogConfig: Setting CVar [[r.MaxAnisotropy:8]]
[2019.06.08-23.54.36:251][  0]LogConfig: Setting CVar [[r.Streaming.LimitPoolSizeToVRAM:0]]
[2019.06.08-23.54.36:251][  0]LogConfig: Setting CVar [[r.Streaming.PoolSize:1000]]
[2019.06.08-23.54.36:251][  0]LogConfig: Setting CVar [[r.Streaming.MaxEffectiveScreenSize:0]]
[2019.06.08-23.54.36:251][  0]LogConfig: Applying CVar settings from Section [EffectsQuality@3] File [X:/ItsOnRepo_UE4/ItsOn_UE4/Saved/Config/Windows/Scalability.ini]
[2019.06.08-23.54.36:251][  0]LogConfig: Setting CVar [[r.TranslucencyLightingVolumeDim:64]]
[2019.06.08-23.54.36:251][  0]LogConfig: Setting CVar [[r.RefractionQuality:2]]
[2019.06.08-23.54.36:251][  0]LogConfig: Setting CVar [[r.SSR.Quality:3]]
[2019.06.08-23.54.36:251][  0]LogConfig: Setting CVar [[r.SceneColorFormat:4]]
[2019.06.08-23.54.36:251][  0]LogConfig: Setting CVar [[r.DetailMode:2]]
[2019.06.08-23.54.36:251][  0]LogConfig: Setting CVar [[r.TranslucencyVolumeBlur:1]]
[2019.06.08-23.54.36:251][  0]LogConfig: Setting CVar [[r.MaterialQualityLevel:1 ; High quality]]
[2019.06.08-23.54.36:251][  0]LogConfig: Setting CVar [[r.SSS.Scale:1]]
[2019.06.08-23.54.36:251][  0]LogConfig: Setting CVar [[r.SSS.SampleSet:2]]
[2019.06.08-23.54.36:251][  0]LogConfig: Setting CVar [[r.SSS.Quality:1]]
[2019.06.08-23.54.36:251][  0]LogConfig: Setting CVar [[r.SSS.HalfRes:1]]
[2019.06.08-23.54.36:251][  0]LogConfig: Setting CVar [[r.EmitterSpawnRateScale:1.0]]
[2019.06.08-23.54.36:251][  0]LogConfig: Setting CVar [[r.ParticleLightQuality:2]]
[2019.06.08-23.54.36:251][  0]LogConfig: Applying CVar settings from Section [FoliageQuality@3] File [X:/ItsOnRepo_UE4/ItsOn_UE4/Saved/Config/Windows/Scalability.ini]
[2019.06.08-23.54.36:251][  0]LogConfig: Setting CVar [[foliage.DensityScale:1.0]]
[2019.06.08-23.54.36:251][  0]LogConfig: Setting CVar [[grass.DensityScale:1.0]]
[2019.06.08-23.54.36:251][  0]LogInit: Selected Device Profile: [Windows]
[2019.06.08-23.54.36:251][  0]LogInit: Applying CVar settings loaded from the selected device profile: [Windows]
[2019.06.08-23.54.36:261][  0]LogHAL: Display: Platform has ~ 128 GB [137095593984 / 137438953472 / 128], which maps to Largest [LargestMinGB=32, LargerMinGB=12, DefaultMinGB=8, SmallerMinGB=6, SmallestMinGB=0)
[2019.06.08-23.54.36:261][  0]LogConfig: Setting CVar [[r.Vulkan.UseRealUBs:0		; Required until we fix HLR fall-out]]
[2019.06.08-23.54.36:261][  0]LogInit: Going up to parent DeviceProfile []
[2019.06.08-23.54.36:261][  0]LogConfig: Applying CVar settings from Section [ViewDistanceQuality@2] File [X:/ItsOnRepo_UE4/ItsOn_UE4/Saved/Config/Windows/Scalability.ini]
[2019.06.08-23.54.36:261][  0]LogConfig: Setting CVar [[r.SkeletalMeshLODBias:0]]
[2019.06.08-23.54.36:261][  0]LogConfig: Setting CVar [[r.ViewDistanceScale:0.8]]
[2019.06.08-23.54.36:262][  0]LogConfig: Applying CVar settings from Section [AntiAliasingQuality@3] File [X:/ItsOnRepo_UE4/ItsOn_UE4/Saved/Config/Windows/Scalability.ini]
[2019.06.08-23.54.36:262][  0]LogConfig: Setting CVar [[r.PostProcessAAQuality:4]]
[2019.06.08-23.54.36:262][  0]LogConfig: Applying CVar settings from Section [ShadowQuality@2] File [X:/ItsOnRepo_UE4/ItsOn_UE4/Saved/Config/Windows/Scalability.ini]
[2019.06.08-23.54.36:262][  0]LogConfig: Setting CVar [[r.LightFunctionQuality:1]]
[2019.06.08-23.54.36:262][  0]LogConfig: Setting CVar [[r.ShadowQuality:5]]
[2019.06.08-23.54.36:262][  0]LogConfig: Setting CVar [[r.Shadow.CSM.MaxCascades:4]]
[2019.06.08-23.54.36:262][  0]LogConfig: Setting CVar [[r.Shadow.MaxResolution:1024]]
[2019.06.08-23.54.36:262][  0]LogConfig: Setting CVar [[r.Shadow.MaxCSMResolution:2048]]
[2019.06.08-23.54.36:262][  0]LogConfig: Setting CVar [[r.Shadow.RadiusThreshold:0.04]]
[2019.06.08-23.54.36:262][  0]LogConfig: Setting CVar [[r.Shadow.DistanceScale:0.85]]
[2019.06.08-23.54.36:262][  0]LogConfig: Setting CVar [[r.Shadow.CSM.TransitionScale:0.8]]
[2019.06.08-23.54.36:262][  0]LogConfig: Setting CVar [[r.Shadow.PreShadowResolutionFactor:0.5]]
[2019.06.08-23.54.36:262][  0]LogConfig: Setting CVar [[r.DistanceFieldShadowing:1]]
[2019.06.08-23.54.36:262][  0]LogConfig: Setting CVar [[r.DistanceFieldAO:1]]
[2019.06.08-23.54.36:262][  0]LogConfig: Setting CVar [[r.AOQuality:1]]
[2019.06.08-23.54.36:262][  0]LogConfig: Setting CVar [[r.VolumetricFog:1]]
[2019.06.08-23.54.36:262][  0]LogConfig: Setting CVar [[r.VolumetricFog.GridPixelSize:16]]
[2019.06.08-23.54.36:262][  0]LogConfig: Setting CVar [[r.VolumetricFog.GridSizeZ:64]]
[2019.06.08-23.54.36:262][  0]LogConfig: Setting CVar [[r.VolumetricFog.HistoryMissSupersampleCount:4]]
[2019.06.08-23.54.36:262][  0]LogConfig: Setting CVar [[r.LightMaxDrawDistanceScale:1]]
[2019.06.08-23.54.36:262][  0]LogConfig: Setting CVar [[r.CapsuleShadows:1]]
[2019.06.08-23.54.36:262][  0]LogConfig: Applying CVar settings from Section [PostProcessQuality@3] File [X:/ItsOnRepo_UE4/ItsOn_UE4/Saved/Config/Windows/Scalability.ini]
[2019.06.08-23.54.36:262][  0]LogConfig: Setting CVar [[r.MotionBlurQuality:4]]
[2019.06.08-23.54.36:262][  0]LogConfig: Setting CVar [[r.AmbientOcclusionMipLevelFactor:0.4]]
[2019.06.08-23.54.36:262][  0]LogConfig: Setting CVar [[r.AmbientOcclusionMaxQuality:100]]
[2019.06.08-23.54.36:262][  0]LogConfig: Setting CVar [[r.AmbientOcclusionLevels:-1]]
[2019.06.08-23.54.36:262][  0]LogConfig: Setting CVar [[r.AmbientOcclusionRadiusScale:1.0]]
[2019.06.08-23.54.36:262][  0]LogConfig: Setting CVar [[r.DepthOfFieldQuality:2]]
[2019.06.08-23.54.36:262][  0]LogConfig: Setting CVar [[r.RenderTargetPoolMin:400]]
[2019.06.08-23.54.36:262][  0]LogConfig: Setting CVar [[r.LensFlareQuality:2]]
[2019.06.08-23.54.36:262][  0]LogConfig: Setting CVar [[r.SceneColorFringeQuality:1]]
[2019.06.08-23.54.36:262][  0]LogConfig: Setting CVar [[r.EyeAdaptationQuality:2]]
[2019.06.08-23.54.36:262][  0]LogConfig: Setting CVar [[r.BloomQuality:5]]
[2019.06.08-23.54.36:262][  0]LogConfig: Setting CVar [[r.FastBlurThreshold:100]]
[2019.06.08-23.54.36:262][  0]LogConfig: Setting CVar [[r.Upscale.Quality:3]]
[2019.06.08-23.54.36:262][  0]LogConfig: Setting CVar [[r.Tonemapper.GrainQuantization:1]]
[2019.06.08-23.54.36:262][  0]LogConfig: Setting CVar [[r.LightShaftQuality:1]]
[2019.06.08-23.54.36:262][  0]LogConfig: Setting CVar [[r.Filter.SizeScale:1]]
[2019.06.08-23.54.36:262][  0]LogConfig: Setting CVar [[r.Tonemapper.Quality:5]]
[2019.06.08-23.54.36:262][  0]LogConfig: Setting CVar [[r.DOF.Gather.AccumulatorQuality:1        ; higher gathering accumulator quality]]
[2019.06.08-23.54.36:262][  0]LogConfig: Setting CVar [[r.DOF.Gather.PostfilterMethod:1          ; Median3x3 postfilering method]]
[2019.06.08-23.54.36:262][  0]LogConfig: Setting CVar [[r.DOF.Gather.EnableBokehSettings:0       ; no bokeh simulation when gathering]]
[2019.06.08-23.54.36:262][  0]LogConfig: Setting CVar [[r.DOF.Gather.RingCount:4                 ; medium number of samples when gathering]]
[2019.06.08-23.54.36:262][  0]LogConfig: Setting CVar [[r.DOF.Scatter.ForegroundCompositing:1    ; additive foreground scattering]]
[2019.06.08-23.54.36:262][  0]LogConfig: Setting CVar [[r.DOF.Scatter.BackgroundCompositing:2    ; additive background scattering]]
[2019.06.08-23.54.36:262][  0]LogConfig: Setting CVar [[r.DOF.Scatter.EnableBokehSettings:1      ; bokeh simulation when scattering]]
[2019.06.08-23.54.36:262][  0]LogConfig: Setting CVar [[r.DOF.Scatter.MaxSpriteRatio:0.1         ; only a maximum of 10% of scattered bokeh]]
[2019.06.08-23.54.36:262][  0]LogConfig: Setting CVar [[r.DOF.Recombine.Quality:1                ; cheap slight out of focus]]
[2019.06.08-23.54.36:262][  0]LogConfig: Setting CVar [[r.DOF.Recombine.EnableBokehSettings:0    ; no bokeh simulation on slight out of focus]]
[2019.06.08-23.54.36:262][  0]LogConfig: Setting CVar [[r.DOF.TemporalAAQuality:1                ; more stable temporal accumulation]]
[2019.06.08-23.54.36:262][  0]LogConfig: Setting CVar [[r.DOF.Kernel.MaxForegroundRadius:0.025]]
[2019.06.08-23.54.36:262][  0]LogConfig: Setting CVar [[r.DOF.Kernel.MaxBackgroundRadius:0.025]]
[2019.06.08-23.54.36:262][  0]LogConfig: Applying CVar settings from Section [TextureQuality@3] File [X:/ItsOnRepo_UE4/ItsOn_UE4/Saved/Config/Windows/Scalability.ini]
[2019.06.08-23.54.36:262][  0]LogConfig: Setting CVar [[r.Streaming.MipBias:0]]
[2019.06.08-23.54.36:262][  0]LogConfig: Setting CVar [[r.Streaming.AmortizeCPUToGPUCopy:0]]
[2019.06.08-23.54.36:262][  0]LogConfig: Setting CVar [[r.Streaming.MaxNumTexturesToStreamPerFrame:0]]
[2019.06.08-23.54.36:262][  0]LogConfig: Setting CVar [[r.Streaming.Boost:1]]
[2019.06.08-23.54.36:262][  0]LogConfig: Setting CVar [[r.MaxAnisotropy:8]]
[2019.06.08-23.54.36:262][  0]LogConfig: Setting CVar [[r.Streaming.LimitPoolSizeToVRAM:0]]
[2019.06.08-23.54.36:262][  0]LogConfig: Setting CVar [[r.Streaming.PoolSize:1000]]
[2019.06.08-23.54.36:262][  0]LogConfig: Setting CVar [[r.Streaming.MaxEffectiveScreenSize:0]]
[2019.06.08-23.54.36:262][  0]LogConfig: Applying CVar settings from Section [EffectsQuality@2] File [X:/ItsOnRepo_UE4/ItsOn_UE4/Saved/Config/Windows/Scalability.ini]
[2019.06.08-23.54.36:262][  0]LogConfig: Setting CVar [[r.TranslucencyLightingVolumeDim:48]]
[2019.06.08-23.54.36:262][  0]LogConfig: Setting CVar [[r.RefractionQuality:2]]
[2019.06.08-23.54.36:262][  0]LogConfig: Setting CVar [[r.SSR.Quality:2]]
[2019.06.08-23.54.36:262][  0]LogConfig: Setting CVar [[r.SceneColorFormat:3]]
[2019.06.08-23.54.36:262][  0]LogConfig: Setting CVar [[r.DetailMode:1]]
[2019.06.08-23.54.36:262][  0]LogConfig: Setting CVar [[r.TranslucencyVolumeBlur:1]]
[2019.06.08-23.54.36:262][  0]LogConfig: Setting CVar [[r.MaterialQualityLevel:1 ; High quality]]
[2019.06.08-23.54.36:262][  0]LogConfig: Setting CVar [[r.SSS.Scale:1]]
[2019.06.08-23.54.36:262][  0]LogConfig: Setting CVar [[r.SSS.SampleSet:1]]
[2019.06.08-23.54.36:262][  0]LogConfig: Setting CVar [[r.SSS.Quality:-1]]
[2019.06.08-23.54.36:262][  0]LogConfig: Setting CVar [[r.SSS.HalfRes:1]]
[2019.06.08-23.54.36:262][  0]LogConfig: Setting CVar [[r.EmitterSpawnRateScale:0.5]]
[2019.06.08-23.54.36:262][  0]LogConfig: Setting CVar [[r.ParticleLightQuality:1]]
[2019.06.08-23.54.36:262][  0]LogConfig: Applying CVar settings from Section [FoliageQuality@3] File [X:/ItsOnRepo_UE4/ItsOn_UE4/Saved/Config/Windows/Scalability.ini]
[2019.06.08-23.54.36:262][  0]LogConfig: Setting CVar [[foliage.DensityScale:1.0]]
[2019.06.08-23.54.36:262][  0]LogConfig: Setting CVar [[grass.DensityScale:1.0]]
[2019.06.08-23.54.36:262][  0]LogConfig: Applying CVar settings from Section [Startup] File [../../../Engine/Config/ConsoleVariables.ini]
[2019.06.08-23.54.36:263][  0]LogConfig: Setting CVar [[net.UseAdaptiveNetUpdateFrequency:0]]
[2019.06.08-23.54.36:263][  0]LogConfig: Setting CVar [[p.chaos.AllowCreatePhysxBodies:1]]
[2019.06.08-23.54.36:263][  0]LogConfig: Applying CVar settings from Section [ConsoleVariables] File [X:/ItsOnRepo_UE4/ItsOn_UE4/Saved/Config/Windows/Engine.ini]
[2019.06.08-23.54.36:263][  0]LogInit: Computer: SYMMETRYBEAST
[2019.06.08-23.54.36:263][  0]LogInit: User: Admin
[2019.06.08-23.54.36:263][  0]LogInit: CPU Page size=4096, Cores=6
[2019.06.08-23.54.36:263][  0]LogInit: High frequency timer resolution =10.000000 MHz
[2019.06.08-23.54.36:263][  0]LogMemory: Memory total: Physical=127.7GB (128GB approx)
[2019.06.08-23.54.36:263][  0]LogMemory: Platform Memory Stats for Windows
[2019.06.08-23.54.36:263][  0]LogMemory: Process Physical Memory: 98.64 MB used, 98.64 MB peak
[2019.06.08-23.54.36:263][  0]LogMemory: Process Virtual Memory: 98.48 MB used, 98.48 MB peak
[2019.06.08-23.54.36:263][  0]LogMemory: Physical Memory: 21457.40 MB used,  109287.14 MB free, 130744.55 MB total
[2019.06.08-23.54.36:263][  0]LogMemory: Virtual Memory: 4683.25 MB used,  134213048.00 MB free, 134217728.00 MB total
[2019.06.08-23.54.37:076][  0]LogInit: Using OS detected language (en-US).
[2019.06.08-23.54.37:076][  0]LogInit: Using OS detected locale (en-US).
[2019.06.08-23.54.37:077][  0]LogTextLocalizationManager: No specific localization for 'en-US' exists, so the 'en' localization will be used.
[2019.06.08-23.54.37:276][  0]LogInit: Setting process to per monitor DPI aware
[2019.06.08-23.54.37:375][  0]LogSlate: New Slate User Created.  User Index 0, Is Virtual User: 0
[2019.06.08-23.54.37:375][  0]LogSlate: Slate User Registered.  User Index 0, Is Virtual User: 0
[2019.06.08-23.54.37:502][  0]LogHMD: Failed to initialize OpenVR with code 110
[2019.06.08-23.54.37:502][  0]LogD3D11RHI: D3D11 adapters:
[2019.06.08-23.54.37:572][  0]LogD3D11RHI:    0. 'NVIDIA GeForce GTX 1080 Ti' (Feature Level 11_0)
[2019.06.08-23.54.37:572][  0]LogD3D11RHI:       11127/0/65372 MB DedicatedVideo/DedicatedSystem/SharedSystem, Outputs:2, VendorId:0x10de
[2019.06.08-23.54.37:638][  0]LogD3D11RHI:    1. 'NVIDIA GeForce GTX 1080 Ti' (Feature Level 11_0)
[2019.06.08-23.54.37:638][  0]LogD3D11RHI:       11127/0/65372 MB DedicatedVideo/DedicatedSystem/SharedSystem, Outputs:0, VendorId:0x10de
[2019.06.08-23.54.37:723][  0]LogD3D11RHI:    2. 'NVIDIA GeForce GTX 1080 Ti' (Feature Level 11_0)
[2019.06.08-23.54.37:723][  0]LogD3D11RHI:       11127/0/65372 MB DedicatedVideo/DedicatedSystem/SharedSystem, Outputs:0, VendorId:0x10de
[2019.06.08-23.54.37:726][  0]LogD3D11RHI:    3. 'Microsoft Basic Render Driver' (Feature Level 11_0)
[2019.06.08-23.54.37:726][  0]LogD3D11RHI:       0/0/65372 MB DedicatedVideo/DedicatedSystem/SharedSystem, Outputs:0, VendorId:0x1414
[2019.06.08-23.54.37:726][  0]LogD3D11RHI: Chosen D3D11 Adapter: 0
[2019.06.08-23.54.37:747][  0]LogD3D11RHI: Creating new Direct3DDevice
[2019.06.08-23.54.37:747][  0]LogD3D11RHI:     GPU DeviceId: 0x1b06 (for the marketing name, search the web for "GPU Device Id")
[2019.06.08-23.54.37:747][  0]LogWindows: EnumDisplayDevices:
[2019.06.08-23.54.37:747][  0]LogWindows:    0. 'NVIDIA GeForce GTX 1080 Ti' (P:1 D:1)
[2019.06.08-23.54.37:747][  0]LogWindows:    1. 'NVIDIA GeForce GTX 1080 Ti' (P:0 D:1)
[2019.06.08-23.54.37:747][  0]LogWindows:    2. 'NVIDIA GeForce GTX 1080 Ti' (P:0 D:0)
[2019.06.08-23.54.37:747][  0]LogWindows:    3. 'NVIDIA GeForce GTX 1080 Ti' (P:0 D:0)
[2019.06.08-23.54.37:748][  0]LogWindows:    4. 'NVIDIA GeForce GTX 1080 Ti' (P:0 D:0)
[2019.06.08-23.54.37:748][  0]LogWindows:    5. 'NVIDIA GeForce GTX 1080 Ti' (P:0 D:0)
[2019.06.08-23.54.37:748][  0]LogWindows:    6. 'NVIDIA GeForce GTX 1080 Ti' (P:0 D:0)
[2019.06.08-23.54.37:748][  0]LogWindows:    7. 'NVIDIA GeForce GTX 1080 Ti' (P:0 D:0)
[2019.06.08-23.54.37:748][  0]LogWindows:    8. 'NVIDIA GeForce GTX 1080 Ti' (P:0 D:0)
[2019.06.08-23.54.37:748][  0]LogWindows:    9. 'NVIDIA GeForce GTX 1080 Ti' (P:0 D:0)
[2019.06.08-23.54.37:749][  0]LogWindows:    10. 'NVIDIA GeForce GTX 1080 Ti' (P:0 D:0)
[2019.06.08-23.54.37:749][  0]LogWindows:    11. 'NVIDIA GeForce GTX 1080 Ti' (P:0 D:0)
[2019.06.08-23.54.37:749][  0]LogWindows: DebugString: FoundDriverCount:12 
[2019.06.08-23.54.37:749][  0]LogD3D11RHI:     Adapter Name: NVIDIA GeForce GTX 1080 Ti
[2019.06.08-23.54.37:749][  0]LogD3D11RHI:   Driver Version: 419.67 (internal:25.21.14.1967, unified:419.67)
[2019.06.08-23.54.37:749][  0]LogD3D11RHI:      Driver Date: 3-17-2019
[2019.06.08-23.54.37:749][  0]LogRHI: Texture pool is 7788 MB (70% of 11127 MB)
[2019.06.08-23.54.37:789][  0]LogD3D11RHI: Async texture creation enabled
[2019.06.08-23.54.37:796][  0]LogRendererCore: FGlobalReadBuffer::InitRHI
[2019.06.08-23.54.37:796][  0]LogRendererCore: FGlobalReadBuffer::InitRHI
[2019.06.08-23.54.37:796][  0]LogRendererCore: FGlobalReadBuffer::InitRHI
[2019.06.08-23.54.37:804][  0]LogD3D11RHI: GPU Timing Frequency: 1000.000000 (Debug: 2 1)
[2019.06.08-23.54.38:183][  0]LogTemp: Display: Module 'AllDesktopTargetPlatform' loaded TargetPlatform 'AllDesktop'
[2019.06.08-23.54.38:195][  0]LogTemp: Display: Module 'MacClientTargetPlatform' loaded TargetPlatform 'MacClient'
[2019.06.08-23.54.38:205][  0]LogTemp: Display: Module 'MacNoEditorTargetPlatform' loaded TargetPlatform 'MacNoEditor'
[2019.06.08-23.54.38:216][  0]LogTemp: Display: Module 'MacServerTargetPlatform' loaded TargetPlatform 'MacServer'
[2019.06.08-23.54.38:227][  0]LogTemp: Display: Module 'MacTargetPlatform' loaded TargetPlatform 'Mac'
[2019.06.08-23.54.38:239][  0]LogTemp: Display: Module 'WindowsClientTargetPlatform' loaded TargetPlatform 'WindowsClient'
[2019.06.08-23.54.38:251][  0]LogTemp: Display: Module 'WindowsNoEditorTargetPlatform' loaded TargetPlatform 'WindowsNoEditor'
[2019.06.08-23.54.38:263][  0]LogTemp: Display: Module 'WindowsServerTargetPlatform' loaded TargetPlatform 'WindowsServer'
[2019.06.08-23.54.38:269][  0]LogTemp: Display: Module 'WindowsTargetPlatform' loaded TargetPlatform 'Windows'
[2019.06.08-23.54.38:335][  0]LogTemp: Display: Module 'AndroidTargetPlatform' loaded TargetPlatform 'Android'
[2019.06.08-23.54.38:335][  0]LogTemp: Display: Module 'AndroidTargetPlatform' loaded TargetPlatform 'Android_ASTC'
[2019.06.08-23.54.38:336][  0]LogTemp: Display: Module 'AndroidTargetPlatform' loaded TargetPlatform 'Android_ATC'
[2019.06.08-23.54.38:336][  0]LogTemp: Display: Module 'AndroidTargetPlatform' loaded TargetPlatform 'Android_DXT'
[2019.06.08-23.54.38:336][  0]LogTemp: Display: Module 'AndroidTargetPlatform' loaded TargetPlatform 'Android_ETC1'
[2019.06.08-23.54.38:336][  0]LogTemp: Display: Module 'AndroidTargetPlatform' loaded TargetPlatform 'Android_ETC1a'
[2019.06.08-23.54.38:336][  0]LogTemp: Display: Module 'AndroidTargetPlatform' loaded TargetPlatform 'Android_ETC2'
[2019.06.08-23.54.38:336][  0]LogTemp: Display: Module 'AndroidTargetPlatform' loaded TargetPlatform 'Android_PVRTC'
[2019.06.08-23.54.38:336][  0]LogTemp: Display: Module 'AndroidTargetPlatform' loaded TargetPlatform 'AndroidClient'
[2019.06.08-23.54.38:336][  0]LogTemp: Display: Module 'AndroidTargetPlatform' loaded TargetPlatform 'Android_ASTCClient'
[2019.06.08-23.54.38:336][  0]LogTemp: Display: Module 'AndroidTargetPlatform' loaded TargetPlatform 'Android_ATCClient'
[2019.06.08-23.54.38:336][  0]LogTemp: Display: Module 'AndroidTargetPlatform' loaded TargetPlatform 'Android_DXTClient'
[2019.06.08-23.54.38:336][  0]LogTemp: Display: Module 'AndroidTargetPlatform' loaded TargetPlatform 'Android_ETC1Client'
[2019.06.08-23.54.38:336][  0]LogTemp: Display: Module 'AndroidTargetPlatform' loaded TargetPlatform 'Android_ETC1aClient'
[2019.06.08-23.54.38:336][  0]LogTemp: Display: Module 'AndroidTargetPlatform' loaded TargetPlatform 'Android_ETC2Client'
[2019.06.08-23.54.38:336][  0]LogTemp: Display: Module 'AndroidTargetPlatform' loaded TargetPlatform 'Android_PVRTCClient'
[2019.06.08-23.54.38:336][  0]LogTemp: Display: Module 'AndroidTargetPlatform' loaded TargetPlatform 'Android_Multi'
[2019.06.08-23.54.38:336][  0]LogTemp: Display: Module 'AndroidTargetPlatform' loaded TargetPlatform 'Android_MultiClient'
[2019.06.08-23.54.38:337][  0]LogTemp: Display: Module 'HTML5TargetPlatform' loaded TargetPlatform 'HTML5'
[2019.06.08-23.54.38:395][  0]LogTemp: Display: Module 'IOSTargetPlatform' loaded TargetPlatform 'IOSClient'
[2019.06.08-23.54.38:395][  0]LogTemp: Display: Module 'IOSTargetPlatform' loaded TargetPlatform 'IOS'
[2019.06.08-23.54.38:450][  0]LogTemp: Display: Module 'TVOSTargetPlatform' loaded TargetPlatform 'TVOSClient'
[2019.06.08-23.54.38:450][  0]LogTemp: Display: Module 'TVOSTargetPlatform' loaded TargetPlatform 'TVOS'
[2019.06.08-23.54.38:473][  0]LogTemp: Display: Module 'LinuxClientTargetPlatform' loaded TargetPlatform 'LinuxClient'
[2019.06.08-23.54.38:500][  0]LogTemp: Display: Module 'LinuxNoEditorTargetPlatform' loaded TargetPlatform 'LinuxNoEditor'
[2019.06.08-23.54.38:512][  0]LogTemp: Display: Module 'LinuxServerTargetPlatform' loaded TargetPlatform 'LinuxServer'
[2019.06.08-23.54.38:528][  0]LogTemp: Display: Module 'LinuxTargetPlatform' loaded TargetPlatform 'Linux'
[2019.06.08-23.54.38:584][  0]LogTemp: Display: Module 'LuminTargetPlatform' loaded TargetPlatform 'Lumin'
[2019.06.08-23.54.38:584][  0]LogTemp: Display: Module 'LuminTargetPlatform' loaded TargetPlatform 'LuminClient'
[2019.06.08-23.54.38:584][  0]LogTargetPlatformManager: Display: Building Assets For Windows
[2019.06.08-23.54.38:594][  0]LogAudioDebug: Display: Lib vorbis DLL was dynamically loaded.
[2019.06.08-23.54.38:699][  0]LogShaderCompilers: Guid format shader working directory is 20 characters bigger than the processId version (X:/ItsOnRepo_UE4/ItsOn_UE4/Intermediate/Shaders/WorkingDirectory/8568/).
[2019.06.08-23.54.38:699][  0]LogShaderCompilers: Cleaned the shader compiler working directory 'C:/Users/Admin/AppData/Local/Temp/UnrealShaderWorkingDir/7E5CD3BC417D264482C10D960660FF61/'.
[2019.06.08-23.54.38:703][  0]LogXGEController: Cannot use XGE Controller as Incredibuild is not installed on this machine.
[2019.06.08-23.54.38:703][  0]LogShaderCompilers: Cannot use XGE Shader Compiler as Incredibuild is not installed on this machine.
[2019.06.08-23.54.38:703][  0]LogShaderCompilers: Display: Using Local Shader Compiler.
[2019.06.08-23.54.39:305][  0]LogDerivedDataCache: Display: Max Cache Size: 512 MB
[2019.06.08-23.54.39:353][  0]LogDerivedDataCache: Loaded boot cache 0.05s 71MB C:/Users/Admin/AppData/Local/UnrealEngine/4.22/DerivedDataCache/Boot.ddc.
[2019.06.08-23.54.39:353][  0]LogDerivedDataCache: Display: Loaded Boot cache: C:/Users/Admin/AppData/Local/UnrealEngine/4.22/DerivedDataCache/Boot.ddc
[2019.06.08-23.54.39:353][  0]LogDerivedDataCache: FDerivedDataBackendGraph:  Pak pak cache file X:/ItsOnRepo_UE4/ItsOn_UE4/DerivedDataCache/DDC.ddp not found, will not use a pak cache.
[2019.06.08-23.54.39:353][  0]LogDerivedDataCache: Unable to find inner node Pak for hierarchical cache Hierarchy.
[2019.06.08-23.54.39:353][  0]LogDerivedDataCache: FDerivedDataBackendGraph:  CompressedPak pak cache file X:/ItsOnRepo_UE4/ItsOn_UE4/DerivedDataCache/Compressed.ddp not found, will not use a pak cache.
[2019.06.08-23.54.39:353][  0]LogDerivedDataCache: Unable to find inner node CompressedPak for hierarchical cache Hierarchy.
[2019.06.08-23.54.39:364][  0]LogDerivedDataCache: Display: Pak cache opened for reading ../../../Engine/DerivedDataCache/Compressed.ddp.
[2019.06.08-23.54.39:364][  0]LogDerivedDataCache: FDerivedDataBackendGraph:  EnterprisePak pak cache file ../../../Enterprise/DerivedDataCache/Compressed.ddp not found, will not use a pak cache.
[2019.06.08-23.54.39:364][  0]LogDerivedDataCache: Unable to find inner node EnterprisePak for hierarchical cache Hierarchy.
[2019.06.08-23.54.39:376][  0]LogDerivedDataCache: Using Local data cache path C:/Users/Admin/AppData/Local/UnrealEngine/Common/DerivedDataCache: Writable
[2019.06.08-23.54.39:376][  0]LogDerivedDataCache: Shared data cache path not found in *engine.ini, will not use an Shared cache.
[2019.06.08-23.54.39:376][  0]LogDerivedDataCache: Unable to find inner node Shared for hierarchical cache Hierarchy.
[2019.06.08-23.54.39:396][  0]LogMaterial: Verifying Global Shaders for PCD3D_SM5
[2019.06.08-23.54.39:397][  0]LogSlate: Using FreeType 2.6.0
[2019.06.08-23.54.39:397][  0]LogSlate: SlateFontServices - WITH_FREETYPE: 1, WITH_HARFBUZZ: 1
[2019.06.08-23.54.39:472][  0]LogAssetRegistry: FAssetRegistry took 0.0321 seconds to start up
[2019.06.08-23.54.39:790][  0]LogInit: Selected Device Profile: [Windows]
[2019.06.08-23.54.39:923][  0]LogMeshReduction: Using QuadricMeshReduction for automatic static mesh reduction
[2019.06.08-23.54.39:923][  0]LogMeshReduction: Using SimplygonMeshReduction for automatic skeletal mesh reduction
[2019.06.08-23.54.39:923][  0]LogMeshReduction: Using ProxyLODMeshReduction for automatic mesh merging
[2019.06.08-23.54.39:923][  0]LogMeshReduction: No distributed automatic mesh merging module available
[2019.06.08-23.54.39:923][  0]LogMeshMerging: No distributed automatic mesh merging module available
[2019.06.08-23.54.39:938][  0]LogNetVersion: ItsOn 1.0.0, NetCL: 5660361, EngineNetVer: 10, GameNetVer: 0 (Checksum: 3456747015)
[2019.06.08-23.54.40:319][  0]LogPackageLocalizationCache: Processed 10 localized package path(s) for 1 prioritized culture(s) in 0.044299 seconds
[2019.06.08-23.54.40:326][  0]LogUObjectArray: 42205 objects as part of root set at end of initial load.
[2019.06.08-23.54.40:326][  0]LogUObjectAllocator: 7325032 out of 0 bytes used by permanent object pool.
[2019.06.08-23.54.40:326][  0]LogUObjectArray: CloseDisregardForGC: 0/0 objects in disregard for GC pool
[2019.06.08-23.54.41:205][  0]LogTcpMessaging: Initializing TcpMessaging bridge
[2019.06.08-23.54.41:220][  0]LogUdpMessaging: Initializing bridge on interface 0.0.0.0:0 to multicast group 230.0.0.1:6666.
[2019.06.08-23.54.41:354][  0]SourceControl: Source control is disabled
[2019.06.08-23.54.41:354][  0]SourceControl: Source control is disabled
[2019.06.08-23.54.41:356][  0]SourceControl: Source control is disabled
[2019.06.08-23.54.41:357][  0]SourceControl: Source control is disabled
[2019.06.08-23.54.41:473][  0]LogAndroidPermission: UAndroidPermissionCallbackProxy::GetInstance
[2019.06.08-23.54.41:570][  0]LogOcInput: OculusInput pre-init called
[2019.06.08-23.54.42:205][  0]LogEngine: Initializing Engine...
[2019.06.08-23.54.42:206][  0]LogHMD: Failed to initialize OpenVR with code 110
[2019.06.08-23.54.42:207][  0]LogStats: UGameplayTagsManager::InitializeManager -  0.000 s
[2019.06.08-23.54.42:415][  0]LogInit: Initializing FReadOnlyCVARCache
[2019.06.08-23.54.42:430][  0]LogAIModule: Creating AISystem for world Untitled
[2019.06.08-23.54.42:455][  0]LogInit: XAudio2 using 'Speakers (Realtek High Definition Audio)' : 6 channels at 48 kHz using 32 bits per sample (channel mask 0x3f)
[2019.06.08-23.54.42:506][  0]LogInit: FAudioDevice initialized.
[2019.06.08-23.54.42:506][  0]LogNetVersion: Set ProjectVersion to 1.0.0.0. Version Checksum will be recalculated on next use.
[2019.06.08-23.54.42:545][  0]LogDerivedDataCache: Saved boot cache 0.04s 71MB C:/Users/Admin/AppData/Local/UnrealEngine/4.22/DerivedDataCache/Boot.ddc.
[2019.06.08-23.54.42:550][  0]LogInit: Texture streaming: Enabled
[2019.06.08-23.54.42:569][  0]LogEngineSessionManager: EngineSessionManager initialized
[2019.06.08-23.54.42:593][  0]LogInit: Transaction tracking system initialized
[2019.06.08-23.54.42:618][  0]BlueprintLog: New page: Editor Load
[2019.06.08-23.54.42:688][  0]LocalizationService: Localization service is disabled
[2019.06.08-23.54.43:055][  0]LogFileCache: Scanning file cache for directory 'X:/ItsOnRepo_UE4/ItsOn_UE4/Content/' took 0.01s
[2019.06.08-23.54.43:055][  0]LogCook: Display: Max memory allowance for cook 16384mb min free memory 0mb
[2019.06.08-23.54.43:055][  0]LogCook: Display: Mobile HDR setting 1
[2019.06.08-23.54.43:218][  0]SourceControl: Source control is disabled
[2019.06.08-23.54.43:218][  0]Cmd: MAP LOAD FILE="X:/ItsOnRepo_UE4/ItsOn_UE4/Content/Maps/Testing_Map_01.umap" TEMPLATE=0 SHOWPROGRESS=1 FEATURELEVEL=3
[2019.06.08-23.54.43:218][  0]LightingResults: New page: Lighting Build
[2019.06.08-23.54.43:223][  0]MapCheck: New page: Map Check
[2019.06.08-23.54.43:223][  0]LightingResults: New page: Lighting Build
[2019.06.08-23.54.43:263][  0]LogUObjectHash: Compacting FUObjectHashTables data took   1.48ms
[2019.06.08-23.54.43:651][  0]LogAIModule: Creating AISystem for world Testing_Map_01
[2019.06.08-23.54.43:675][  0]LogEditorServer: Finished looking for orphan Actors (0.000 secs)
[2019.06.08-23.54.43:708][  0]LogUObjectHash: Compacting FUObjectHashTables data took   1.72ms
[2019.06.08-23.54.43:708][  0]Cmd: MAP CHECKDEP NOCLEARLOG
[2019.06.08-23.54.43:708][  0]MapCheck: Map check complete: 0 Error(s), 0 Warning(s), took 0.096ms to complete.
[2019.06.08-23.54.43:708][  0]LogFileHelpers: Loading map 'Testing_Map_01' took 0.490
[2019.06.08-23.54.43:808][  0]LogSlate: Updating window title bar state: overlay mode, drag disabled, window buttons hidden, title bar hidden
[2019.06.08-23.54.43:813][  0]LogSlate: Updating window title bar state: overlay mode, drag disabled, window buttons hidden, title bar hidden
[2019.06.08-23.54.43:823][  0]LogSlate: Updating window title bar state: overlay mode, drag disabled, window buttons hidden, title bar hidden
[2019.06.08-23.54.43:832][  0]LogSlate: Updating window title bar state: overlay mode, drag disabled, window buttons hidden, title bar hidden
[2019.06.08-23.54.43:843][  0]LogCollectionManager: Loaded 0 collections in 0.003561 seconds
[2019.06.08-23.54.43:858][  0]LogFileCache: Scanning file cache for directory 'X:/ItsOnRepo_UE4/ItsOn_UE4/Saved/Collections/' took 0.01s
[2019.06.08-23.54.43:858][  0]LogFileCache: Scanning file cache for directory 'X:/ItsOnRepo_UE4/ItsOn_UE4/Content/Developers/Admin/Collections/' took 0.00s
[2019.06.08-23.54.43:858][  0]LogFileCache: Scanning file cache for directory 'X:/ItsOnRepo_UE4/ItsOn_UE4/Content/Collections/' took 0.00s
[2019.06.08-23.54.43:858][  0]LogCollectionManager: Rebuilt the GUID cache for 0 collections in 0.000000 seconds
[2019.06.08-23.54.43:866][  0]LogContentBrowser: Native class hierarchy populated in 0.0070 seconds. Added 2732 classes and 659 folders.
[2019.06.08-23.54.43:871][  0]LogContentBrowser: Native class hierarchy updated for 'WidgetCarousel' in 0.0002 seconds. Added 0 classes and 0 folders.
[2019.06.08-23.54.43:872][  0]LogPakFile: Registered encryption key '00000000000000000000000000000000': 0 pak files mounted, 0 remain pending
[2019.06.08-23.54.43:872][  0]LogPakFile: Registered encryption key '00000000000000000000000000000000': 0 pak files mounted, 0 remain pending
[2019.06.08-23.54.43:873][  0]LogPakFile: Registered encryption key '00000000000000000000000000000000': 0 pak files mounted, 0 remain pending
[2019.06.08-23.54.43:873][  0]LogPakFile: Registered encryption key '00000000000000000000000000000000': 0 pak files mounted, 0 remain pending
[2019.06.08-23.54.43:873][  0]LogPakFile: Registered encryption key '00000000000000000000000000000000': 0 pak files mounted, 0 remain pending
[2019.06.08-23.54.43:873][  0]LogPakFile: Registered encryption key '00000000000000000000000000000000': 0 pak files mounted, 0 remain pending
[2019.06.08-23.54.43:874][  0]LogPakFile: Registered encryption key '00000000000000000000000000000000': 0 pak files mounted, 0 remain pending
[2019.06.08-23.54.43:874][  0]LogPakFile: Registered encryption key '00000000000000000000000000000000': 0 pak files mounted, 0 remain pending
[2019.06.08-23.54.43:874][  0]LogPakFile: Registered encryption key '00000000000000000000000000000000': 0 pak files mounted, 0 remain pending
[2019.06.08-23.54.43:875][  0]LogPakFile: Registered encryption key '00000000000000000000000000000000': 0 pak files mounted, 0 remain pending
[2019.06.08-23.54.43:876][  0]LogPakFile: Registered encryption key '00000000000000000000000000000000': 0 pak files mounted, 0 remain pending
[2019.06.08-23.54.43:877][  0]LogPakFile: Registered encryption key '00000000000000000000000000000000': 0 pak files mounted, 0 remain pending
[2019.06.08-23.54.43:877][  0]LogPakFile: Registered encryption key '00000000000000000000000000000000': 0 pak files mounted, 0 remain pending
[2019.06.08-23.54.43:877][  0]LogPakFile: Registered encryption key '00000000000000000000000000000000': 0 pak files mounted, 0 remain pending
[2019.06.08-23.54.43:878][  0]LogPakFile: Registered encryption key '00000000000000000000000000000000': 0 pak files mounted, 0 remain pending
[2019.06.08-23.54.43:878][  0]LogPakFile: Registered encryption key '00000000000000000000000000000000': 0 pak files mounted, 0 remain pending
[2019.06.08-23.54.43:878][  0]LogPakFile: Registered encryption key '00000000000000000000000000000000': 0 pak files mounted, 0 remain pending
[2019.06.08-23.54.43:879][  0]LogPakFile: Registered encryption key '00000000000000000000000000000000': 0 pak files mounted, 0 remain pending
[2019.06.08-23.54.43:879][  0]LogPakFile: Registered encryption key '00000000000000000000000000000000': 0 pak files mounted, 0 remain pending
[2019.06.08-23.54.43:879][  0]LogPakFile: Registered encryption key '00000000000000000000000000000000': 0 pak files mounted, 0 remain pending
[2019.06.08-23.54.43:879][  0]LogPakFile: Registered encryption key '00000000000000000000000000000000': 0 pak files mounted, 0 remain pending
[2019.06.08-23.54.43:880][  0]LogPakFile: Registered encryption key '00000000000000000000000000000000': 0 pak files mounted, 0 remain pending
[2019.06.08-23.54.43:880][  0]LogPakFile: Registered encryption key '00000000000000000000000000000000': 0 pak files mounted, 0 remain pending
[2019.06.08-23.54.43:881][  0]LogPakFile: Registered encryption key '00000000000000000000000000000000': 0 pak files mounted, 0 remain pending
[2019.06.08-23.54.43:881][  0]LogPakFile: Registered encryption key '00000000000000000000000000000000': 0 pak files mounted, 0 remain pending
[2019.06.08-23.54.43:881][  0]LogPakFile: Registered encryption key '00000000000000000000000000000000': 0 pak files mounted, 0 remain pending
[2019.06.08-23.54.43:906][  0]LogContentBrowser: Native class hierarchy updated for 'AddContentDialog' in 0.0003 seconds. Added 0 classes and 0 folders.
[2019.06.08-23.54.43:911][  0]LogContentBrowser: Native class hierarchy updated for 'SceneOutliner' in 0.0002 seconds. Added 1 classes and 2 folders.
[2019.06.08-23.54.43:978][  0]LogSlate: Took 0.000144 seconds to synchronously load lazily loaded font '../../../Engine/Content/Slate/Fonts/Roboto-Regular.ttf' (155K)
[2019.06.08-23.54.43:980][  0]LogSlate: Took 0.000126 seconds to synchronously load lazily loaded font '../../../Engine/Content/Slate/Fonts/Roboto-Bold.ttf' (160K)
[2019.06.08-23.54.43:983][  0]LogSlate: Took 0.000112 seconds to synchronously load lazily loaded font '../../../Engine/Content/Editor/Slate/Fonts/FontAwesome.ttf' (139K)
[2019.06.08-23.54.44:045][  0]LogRenderer: Reallocating scene render targets to support 1480x780 Format 9 NumSamples 1 (Frame:1).
[2019.06.08-23.54.44:168][  0]LogContentBrowser: Native class hierarchy updated for 'HierarchicalLODOutliner' in 0.0002 seconds. Added 0 classes and 0 folders.
[2019.06.08-23.54.44:168][  0]LogLoad: (Engine Initialization) Total time: 9.79 seconds
[2019.06.08-23.54.44:168][  0]LogLoad: (Engine Initialization) Total Blueprint compile time: 0.00 seconds
[2019.06.08-23.54.44:216][  0]LogAssetRegistry: Asset discovery search completed in 4.7674 seconds
[2019.06.08-23.54.44:219][  0]LogCollectionManager: Rebuilt the object cache for 0 collections in 0.000000 seconds (found 0 objects)
[2019.06.08-23.54.44:219][  0]LogCollectionManager: Fixed up redirectors for 0 collections in 0.000052 seconds (updated 0 objects)
[2019.06.08-23.54.44:221][  0]LogContentStreaming: Texture pool size now 1000 MB
[2019.06.08-23.54.48:069][334]LogSlate: FSceneViewport::OnFocusLost() reason 0
[2019.06.08-23.54.50:665][640]LogSlate: Took 0.000170 seconds to synchronously load lazily loaded font '../../../Engine/Content/Slate/Fonts/Roboto-Light.ttf' (167K)
[2019.06.08-23.54.57:889][640]LogAIModule: Creating AISystem for world Blockout_04_Landscape_Resized
[2019.06.08-23.54.57:968][640]LogAssetEditorManager: Opening Asset editor for World /Game/Maps/Blockout_04_Landscape_Resized.Blockout_04_Landscape_Resized
[2019.06.08-23.54.58:010][640]LogUObjectHash: Compacting FUObjectHashTables data took   1.41ms
[2019.06.08-23.54.58:011][640]Cmd: MAP LOAD FILE="X:/ItsOnRepo_UE4/ItsOn_UE4/Content/Maps/Blockout_04_Landscape_Resized.umap" TEMPLATE=0 SHOWPROGRESS=1 FEATURELEVEL=3
[2019.06.08-23.54.58:011][640]LightingResults: New page: Lighting Build
[2019.06.08-23.54.58:012][640]LoadErrors: New page: Loading map: Blockout_04_Landscape_Resized.umap
[2019.06.08-23.54.58:013][640]MapCheck: New page: Map Check
[2019.06.08-23.54.58:013][640]LightingResults: New page: Lighting Build
[2019.06.08-23.54.58:051][640]LogUObjectHash: Compacting FUObjectHashTables data took   1.90ms
[2019.06.08-23.54.58:808][640]LogEditorServer: Finished looking for orphan Actors (0.000 secs)
[2019.06.08-23.54.58:847][640]LogUObjectHash: Compacting FUObjectHashTables data took   1.55ms
[2019.06.08-23.54.58:873][640]Cmd: MAP CHECKDEP NOCLEARLOG
[2019.06.08-23.54.58:873][640]MapCheck: Map check complete: 0 Error(s), 0 Warning(s), took 0.11ms to complete.
[2019.06.08-23.54.58:873][640]LogFileHelpers: Loading map 'Blockout_04_Landscape_Resized' took 0.862
[2019.06.08-23.55.05:809][398]LogEditorViewport: Clicking on Actor (LMB): StaticMeshActor (BC_ROCK_27)
[2019.06.08-23.55.05:970][406]Cmd: CAMERA ALIGN ACTIVEVIEWPORTONLY
[2019.06.08-23.55.16:596][488]LogSlate: FSceneViewport::OnFocusLost() reason 0
[2019.06.08-23.55.22:375][152]Cmd: DELETE
[2019.06.08-23.55.22:375][152]Cmd: ACTOR DELETE
[2019.06.08-23.55.22:407][152]LogUObjectHash: Compacting FUObjectHashTables data took   0.67ms
[2019.06.08-23.55.22:407][152]LogEditorActor: Deleted 0 Actors (0.032 secs)
[2019.06.08-23.55.22:983][218]Cmd: DELETE
[2019.06.08-23.55.22:983][218]Cmd: ACTOR DELETE
[2019.06.08-23.55.23:017][218]LogUObjectHash: Compacting FUObjectHashTables data took   0.71ms
[2019.06.08-23.55.23:017][218]LogEditorActor: Deleted 0 Actors (0.034 secs)
[2019.06.08-23.55.26:418][609]Cmd: DELETE
[2019.06.08-23.55.26:418][609]Cmd: ACTOR DELETE
[2019.06.08-23.55.26:451][609]LogUObjectHash: Compacting FUObjectHashTables data took   0.69ms
[2019.06.08-23.55.26:451][609]LogEditorActor: Deleted 0 Actors (0.032 secs)
[2019.06.08-23.55.28:128][803]Cmd: DELETE
[2019.06.08-23.55.28:128][803]Cmd: ACTOR DELETE
[2019.06.08-23.55.28:159][803]LogUObjectHash: Compacting FUObjectHashTables data took   0.67ms
[2019.06.08-23.55.28:159][803]LogEditorActor: Deleted 0 Actors (0.031 secs)
[2019.06.08-23.55.37:922][832]Cmd: DELETE
[2019.06.08-23.55.37:922][832]Cmd: ACTOR DELETE
[2019.06.08-23.55.37:957][832]LogEditorActor: Deleted Actor: SkeletalMeshActor
[2019.06.08-23.55.37:957][832]LogEditorActor: Deleted Actor: SkeletalMeshActor
[2019.06.08-23.55.37:957][832]LogEditorActor: Deleted Actor: SkeletalMeshActor
[2019.06.08-23.55.37:958][832]LogEditorActor: Deleted Actor: SkeletalMeshActor
[2019.06.08-23.55.37:958][832]LogEditorActor: Deleted Actor: SkeletalMeshActor
[2019.06.08-23.55.37:958][832]LogEditorActor: Deleted Actor: SkeletalMeshActor
[2019.06.08-23.55.37:988][832]LogUObjectHash: Compacting FUObjectHashTables data took   0.67ms
[2019.06.08-23.55.37:988][832]LogEditorActor: Deleted 6 Actors (0.066 secs)
[2019.06.08-23.55.53:447][385]LogConsoleManager: Warning: Console object named 'ActorComponents.Enable' already exists but is being registered again, but we weren't expected it to be! (FConsoleManager::AddConsoleObject)
[2019.06.08-23.55.55:727][521]LogConsoleManager: Warning: Console object named 'ActorComponents.Enable' already exists but is being registered again, but we weren't expected it to be! (FConsoleManager::AddConsoleObject)
[2019.06.08-23.56.03:327][117]LogSlate: FSceneViewport::OnFocusLost() reason 0
[2019.06.08-23.56.10:944][798]LogConsoleManager: Warning: Console object named 'ActorComponents.Enable' already exists but is being registered again, but we weren't expected it to be! (FConsoleManager::AddConsoleObject)
[2019.06.08-23.56.22:476][730]LogEditorViewport: Clicking on Actor (LMB): BP_Sky_Sphere_C (BP_Sky_Sphere)
[2019.06.08-23.56.38:670][542]LogSlate: FSceneViewport::OnFocusLost() reason 0
[2019.06.08-23.56.43:438][ 93]LogEditorViewport: Clicking on Actor (LMB): BP_Sky_Sphere_C (BP_Sky_Sphere)
[2019.06.08-23.56.43:949][145]LogSlate: FSceneViewport::OnFocusLost() reason 2
[2019.06.08-23.56.43:956][145]Cmd: OBJ SAVEPACKAGE PACKAGE="/Game/Maps/Blockout_04_Landscape_Resized" FILE="X:/ItsOnRepo_UE4/ItsOn_UE4/Content/Maps/Blockout_04_Landscape_Resized.umap" SILENT=true AUTOSAVING=false KEEPDIRTY=false
[2019.06.08-23.56.43:987][145]LogUObjectHash: Compacting FUObjectHashTables data took   1.18ms
[2019.06.08-23.56.47:744][145]LogSavePackage: Moving 'X:/ItsOnRepo_UE4/ItsOn_UE4/Saved/Blockout_04_Landscape_Resized5029BD4A4B05106FEB634F8FE1D17C45.tmp' to 'X:/ItsOnRepo_UE4/ItsOn_UE4/Content/Maps/Blockout_04_Landscape_Resized.umap'
[2019.06.08-23.56.47:776][145]Cmd: OBJ SAVEPACKAGE PACKAGE="/Game/Maps/Blockout_04_Landscape_Resized_BuiltData" FILE="X:/ItsOnRepo_UE4/ItsOn_UE4/Content/Maps/Blockout_04_Landscape_Resized_BuiltData.uasset" SILENT=true
[2019.06.08-23.56.47:898][145]LogSavePackage: Moving 'X:/ItsOnRepo_UE4/ItsOn_UE4/Saved/Blockout_04_Landscape_Resized_BuEEC8590D4CB0185AEA6268BF2FCC176E.tmp' to 'X:/ItsOnRepo_UE4/ItsOn_UE4/Content/Maps/Blockout_04_Landscape_Resized_BuiltData.uasset'
[2019.06.08-23.56.52:895][673]LogSlate: FSceneViewport::OnFocusLost() reason 0
[2019.06.08-23.56.53:010][682]LogActorFactory: Actor Factory created Cube
[2019.06.08-23.56.53:546][721]LogActorFactory: Actor Factory created Cube
[2019.06.08-23.56.59:549][346]LogSlate: FSceneViewport::OnFocusLost() reason 0
[2019.06.08-23.57.11:248][539]LogSlate: FSceneViewport::OnFocusLost() reason 0
[2019.06.08-23.57.12:762][644]Cmd: CAMERA ALIGN ACTIVEVIEWPORTONLY
[2019.06.08-23.57.14:109][764]LogSlate: FSceneViewport::OnFocusLost() reason 2
[2019.06.08-23.57.14:581][801]Cmd: CAMERA ALIGN ACTIVEVIEWPORTONLY
[2019.06.08-23.57.22:961][540]LogSlate: FSceneViewport::OnFocusLost() reason 2
[2019.06.08-23.57.27:084][886]LogSlate: FSceneViewport::OnFocusLost() reason 2
[2019.06.08-23.57.29:600][138]LogEditorViewport: Clicking on Actor (LMB): StaticMeshActor (OCEAN)
[2019.06.08-23.57.31:693][342]LogSlate: FSceneViewport::OnFocusLost() reason 2
[2019.06.08-23.57.31:776][349]LogEditorViewport: Clicking on Actor (LMB): StaticMeshActor (Cube)
[2019.06.08-23.57.33:244][484]Cmd: CAMERA ALIGN ACTIVEVIEWPORTONLY
[2019.06.08-23.57.34:149][564]Cmd: CAMERA ALIGN ACTIVEVIEWPORTONLY
[2019.06.08-23.57.48:240][929]LogSlate: FSceneViewport::OnFocusLost() reason 2
[2019.06.08-23.57.49:479][ 39]Cmd: TRANSACTION UNDO
[2019.06.08-23.57.49:479][ 39]LogEditorTransaction: Undo Move Actors
[2019.06.08-23.57.51:598][234]LogSlate: FSceneViewport::OnFocusLost() reason 2
[2019.06.08-23.57.55:064][452]LogSlate: FSceneViewport::OnFocusLost() reason 0
[2019.06.08-23.58.23:790][642]LogSlate: FSceneViewport::OnFocusLost() reason 0
[2019.06.08-23.58.28:464][193]Cmd: TRANSACTION UNDO
[2019.06.08-23.58.28:464][193]LogEditorTransaction: Undo Set Location
[2019.06.08-23.58.53:189][991]LogSlate: Took 0.000179 seconds to synchronously load lazily loaded font '../../../Engine/Content/Slate/Fonts/Roboto-Italic.ttf' (157K)
[2019.06.08-23.59.37:903][128]Cmd: EDIT COPY
[2019.06.08-23.59.38:406][187]Cmd: EDIT PASTE
[2019.06.08-23.59.52:958][639]Cmd: CAMERA ALIGN ACTIVEVIEWPORTONLY
[2019.06.09-00.00.06:263][105]LogSlate: FSceneViewport::OnFocusLost() reason 0
[2019.06.09-00.00.07:494][240]Cmd: EDIT COPY
[2019.06.09-00.00.07:895][284]Cmd: EDIT PASTE
[2019.06.09-00.00.18:497][435]Cmd: TRANSACTION UNDO
[2019.06.09-00.00.18:497][435]LogEditorTransaction: Undo Marquee Select
[2019.06.09-00.00.22:988][934]LogSlate: FSceneViewport::OnFocusLost() reason 0
[2019.06.09-00.00.23:120][943]LogRenderer: Reallocating scene render targets to support 1480x812 Format 9 NumSamples 1 (Frame:45852).
[2019.06.09-00.00.23:160][944]LogRenderer: Reallocating scene render targets to support 1480x868 Format 9 NumSamples 1 (Frame:45854).
[2019.06.09-00.00.23:207][945]LogRenderer: Reallocating scene render targets to support 1480x932 Format 9 NumSamples 1 (Frame:45856).
[2019.06.09-00.00.23:248][946]LogRenderer: Reallocating scene render targets to support 1480x968 Format 9 NumSamples 1 (Frame:45858).
[2019.06.09-00.00.23:292][947]LogRenderer: Reallocating scene render targets to support 1480x988 Format 9 NumSamples 1 (Frame:45860).
[2019.06.09-00.00.23:332][948]LogRenderer: Reallocating scene render targets to support 1480x1012 Format 9 NumSamples 1 (Frame:45862).
[2019.06.09-00.00.23:380][949]LogRenderer: Reallocating scene render targets to support 1480x1040 Format 9 NumSamples 1 (Frame:45864).
[2019.06.09-00.00.23:424][950]LogRenderer: Reallocating scene render targets to support 1480x1080 Format 9 NumSamples 1 (Frame:45866).
[2019.06.09-00.00.23:459][951]LogRenderer: Reallocating scene render targets to support 1480x1116 Format 9 NumSamples 1 (Frame:45868).
[2019.06.09-00.00.23:495][952]LogRenderer: Reallocating scene render targets to support 1480x1128 Format 9 NumSamples 1 (Frame:45870).
[2019.06.09-00.00.23:532][953]LogRenderer: Reallocating scene render targets to support 1480x1132 Format 9 NumSamples 1 (Frame:45872).
[2019.06.09-00.00.31:016][775]LogEditorViewport: Clicking Background
[2019.06.09-00.00.33:242][879]LogSlate: FSceneViewport::OnFocusLost() reason 0
[2019.06.09-00.00.35:283][920]LogSlate: FSceneViewport::OnFocusLost() reason 0
[2019.06.09-00.00.44:394][815]LogSlate: FSceneViewport::OnFocusLost() reason 2
[2019.06.09-00.00.44:401][815]Cmd: OBJ SAVEPACKAGE PACKAGE="/Game/Maps/Blockout_04_Landscape_Resized" FILE="X:/ItsOnRepo_UE4/ItsOn_UE4/Content/Maps/Blockout_04_Landscape_Resized.umap" SILENT=true AUTOSAVING=false KEEPDIRTY=false
[2019.06.09-00.00.44:433][815]LogUObjectHash: Compacting FUObjectHashTables data took   1.50ms
[2019.06.09-00.00.47:921][815]LogSavePackage: Moving 'X:/ItsOnRepo_UE4/ItsOn_UE4/Saved/Blockout_04_Landscape_ResizedF1BF9EA74C21D6BD6007E8A2339937EA.tmp' to 'X:/ItsOnRepo_UE4/ItsOn_UE4/Content/Maps/Blockout_04_Landscape_Resized.umap'
[2019.06.09-00.00.47:952][815]Cmd: OBJ SAVEPACKAGE PACKAGE="/Game/Maps/Blockout_04_Landscape_Resized_BuiltData" FILE="X:/ItsOnRepo_UE4/ItsOn_UE4/Content/Maps/Blockout_04_Landscape_Resized_BuiltData.uasset" SILENT=true
[2019.06.09-00.00.48:060][815]LogSavePackage: Moving 'X:/ItsOnRepo_UE4/ItsOn_UE4/Saved/Blockout_04_Landscape_Resized_Bu10F1238A4843546C5DFA3989ABEC3836.tmp' to 'X:/ItsOnRepo_UE4/ItsOn_UE4/Content/Maps/Blockout_04_Landscape_Resized_BuiltData.uasset'
[2019.06.09-00.00.59:068][979]LogSlate: FSceneViewport::OnFocusLost() reason 0
[2019.06.09-00.01.07:453][869]EditorErrors: New page: Actor attachment
[2019.06.09-00.01.08:422][967]Cmd: OBJ SAVEPACKAGE PACKAGE="/Game/Maps/Blockout_04_Landscape_Resized" FILE="X:/ItsOnRepo_UE4/ItsOn_UE4/Content/Maps/Blockout_04_Landscape_Resized.umap" SILENT=true AUTOSAVING=false KEEPDIRTY=false
[2019.06.09-00.01.08:454][967]LogUObjectHash: Compacting FUObjectHashTables data took   1.89ms
[2019.06.09-00.01.12:256][967]LogSavePackage: Moving 'X:/ItsOnRepo_UE4/ItsOn_UE4/Saved/Blockout_04_Landscape_ResizedDFA9E05C40A12505EC442D9D84D5DE70.tmp' to 'X:/ItsOnRepo_UE4/ItsOn_UE4/Content/Maps/Blockout_04_Landscape_Resized.umap'
[2019.06.09-00.01.12:287][967]Cmd: OBJ SAVEPACKAGE PACKAGE="/Game/Maps/Blockout_04_Landscape_Resized_BuiltData" FILE="X:/ItsOnRepo_UE4/ItsOn_UE4/Content/Maps/Blockout_04_Landscape_Resized_BuiltData.uasset" SILENT=true
[2019.06.09-00.01.12:375][967]LogSavePackage: Moving 'X:/ItsOnRepo_UE4/ItsOn_UE4/Saved/Blockout_04_Landscape_Resized_Bu6A60145F46AB6159ACE1C6AC7B4E3266.tmp' to 'X:/ItsOnRepo_UE4/ItsOn_UE4/Content/Maps/Blockout_04_Landscape_Resized_BuiltData.uasset'
[2019.06.09-00.01.22:141][838]Cmd: TRANSACTION UNDO
[2019.06.09-00.01.22:141][838]LogEditorTransaction: Undo Set Scale
[2019.06.09-00.01.25:306][133]Cmd: TRANSACTION UNDO
[2019.06.09-00.01.25:307][133]LogEditorTransaction: Undo Set Scale
[2019.06.09-00.01.43:667][ 77]LogSlate: FSceneViewport::OnFocusLost() reason 0
[2019.06.09-00.02.21:536][807]LogSlate: FSceneViewport::OnFocusLost() reason 2
[2019.06.09-00.02.39:969][808]LogSlate: FSceneViewport::OnFocusLost() reason 0
[2019.06.09-00.02.43:313][911]LogSlate: FSceneViewport::OnFocusLost() reason 0
[2019.06.09-00.02.45:258][943]LogSlate: FSceneViewport::OnFocusLost() reason 0
[2019.06.09-00.02.46:551][974]LogSlate: FSceneViewport::OnFocusLost() reason 2
[2019.06.09-00.02.48:638][992]LogSlate: FSceneViewport::OnFocusLost() reason 0
[2019.06.09-00.03.23:083][ 59]LogSlate: FSceneViewport::OnFocusLost() reason 0
[2019.06.09-00.03.24:928][ 81]LogSlate: FSceneViewport::OnFocusLost() reason 0
[2019.06.09-00.03.27:135][198]LogSlate: FSceneViewport::OnFocusLost() reason 2
[2019.06.09-00.03.27:141][198]Cmd: OBJ SAVEPACKAGE PACKAGE="/Game/Maps/Blockout_04_Landscape_Resized" FILE="X:/ItsOnRepo_UE4/ItsOn_UE4/Content/Maps/Blockout_04_Landscape_Resized.umap" SILENT=true AUTOSAVING=false KEEPDIRTY=false
[2019.06.09-00.03.27:178][198]LogUObjectHash: Compacting FUObjectHashTables data took   1.47ms
[2019.06.09-00.03.31:735][198]LogSavePackage: Moving 'X:/ItsOnRepo_UE4/ItsOn_UE4/Saved/Blockout_04_Landscape_Resized1651B85140819FA21DD3EF8E87BE37AF.tmp' to 'X:/ItsOnRepo_UE4/ItsOn_UE4/Content/Maps/Blockout_04_Landscape_Resized.umap'
[2019.06.09-00.03.31:788][198]Cmd: OBJ SAVEPACKAGE PACKAGE="/Game/Maps/Blockout_04_Landscape_Resized_BuiltData" FILE="X:/ItsOnRepo_UE4/ItsOn_UE4/Content/Maps/Blockout_04_Landscape_Resized_BuiltData.uasset" SILENT=true
[2019.06.09-00.03.31:878][198]LogSavePackage: Moving 'X:/ItsOnRepo_UE4/ItsOn_UE4/Saved/Blockout_04_Landscape_Resized_Bu5B9EF5EF44159CFC5BE5349C4FFC9FC0.tmp' to 'X:/ItsOnRepo_UE4/ItsOn_UE4/Content/Maps/Blockout_04_Landscape_Resized_BuiltData.uasset'
[2019.06.09-00.05.01:977][827]LogEditorViewport: Clicking on Actor (LMB): BP_Sky_Sphere_C (BP_Sky_Sphere)
[2019.06.09-00.05.02:598][878]LogEditorViewport: Clicking on Actor (LMB): StaticMeshActor (Beach_Cliffs_01_Beach_Cliff_54)
[2019.06.09-00.05.03:382][943]Cmd: DELETE
[2019.06.09-00.05.03:382][943]Cmd: ACTOR DELETE
[2019.06.09-00.05.03:414][943]LogEditorActor: Deleted Actor: StaticMeshActor
[2019.06.09-00.05.03:442][943]LogUObjectHash: Compacting FUObjectHashTables data took   1.57ms
[2019.06.09-00.05.03:443][943]LogEditorActor: Deleted 1 Actors (0.060 secs)
[2019.06.09-00.05.03:800][978]LogEditorViewport: Clicking on Actor (LMB): StaticMeshActor (Beach_Cliffs_01_Beach_Cliff_55)
[2019.06.09-00.05.04:146][  2]Cmd: DELETE
[2019.06.09-00.05.04:146][  2]Cmd: ACTOR DELETE
[2019.06.09-00.05.04:177][  2]LogEditorActor: Deleted Actor: StaticMeshActor
[2019.06.09-00.05.04:205][  2]LogUObjectHash: Compacting FUObjectHashTables data took   0.65ms
[2019.06.09-00.05.04:205][  2]LogEditorActor: Deleted 1 Actors (0.059 secs)
[2019.06.09-00.05.04:484][ 27]LogEditorViewport: Clicking on Actor (LMB): StaticMeshActor (Beach_Cliffs_01_Beach_Cliff_56)
[2019.06.09-00.05.04:627][ 32]Cmd: DELETE
[2019.06.09-00.05.04:628][ 32]Cmd: ACTOR DELETE
[2019.06.09-00.05.04:658][ 32]LogEditorActor: Deleted Actor: StaticMeshActor
[2019.06.09-00.05.04:688][ 32]LogUObjectHash: Compacting FUObjectHashTables data took   0.72ms
[2019.06.09-00.05.04:688][ 32]LogEditorActor: Deleted 1 Actors (0.061 secs)
[2019.06.09-00.05.20:178][544]LogSlate: FSceneViewport::OnFocusLost() reason 0
[2019.06.09-00.05.47:475][272]LogSlate: FSceneViewport::OnFocusLost() reason 0
[2019.06.09-00.06.18:703][129]LogSlate: FSceneViewport::OnFocusLost() reason 0
[2019.06.09-00.06.30:583][276]LogSlate: FSceneViewport::OnFocusLost() reason 0
[2019.06.09-00.06.40:960][237]LogEditorViewport: Clicking on Actor (LMB): StaticMeshActor (BC_ROCK_6)
[2019.06.09-00.06.41:092][240]Cmd: CAMERA ALIGN ACTIVEVIEWPORTONLY
[2019.06.09-00.06.45:502][721]LogEditorViewport: Clicking on Actor (LMB): Landscape (Landscape)
[2019.06.09-00.06.47:733][975]LogSlate: FSceneViewport::OnFocusLost() reason 0
[2019.06.09-00.06.58:732][133]Cmd: CAMERA ALIGN ACTIVEVIEWPORTONLY
[2019.06.09-00.07.07:878][943]LogSlate: FSceneViewport::OnFocusLost() reason 0
[2019.06.09-00.07.12:466][289]LogSlate: FSceneViewport::OnFocusLost() reason 2
[2019.06.09-00.07.12:472][289]Cmd: OBJ SAVEPACKAGE PACKAGE="/Game/Maps/Blockout_04_Landscape_Resized" FILE="X:/ItsOnRepo_UE4/ItsOn_UE4/Content/Maps/Blockout_04_Landscape_Resized.umap" SILENT=true AUTOSAVING=false KEEPDIRTY=false
[2019.06.09-00.07.12:507][289]LogUObjectHash: Compacting FUObjectHashTables data took   1.34ms
[2019.06.09-00.07.16:250][289]LogSavePackage: Moving 'X:/ItsOnRepo_UE4/ItsOn_UE4/Saved/Blockout_04_Landscape_Resized28B948AA4869C61AF5E1899C1E4C3DCF.tmp' to 'X:/ItsOnRepo_UE4/ItsOn_UE4/Content/Maps/Blockout_04_Landscape_Resized.umap'
[2019.06.09-00.07.16:295][289]Cmd: OBJ SAVEPACKAGE PACKAGE="/Game/Maps/Blockout_04_Landscape_Resized_BuiltData" FILE="X:/ItsOnRepo_UE4/ItsOn_UE4/Content/Maps/Blockout_04_Landscape_Resized_BuiltData.uasset" SILENT=true
[2019.06.09-00.07.16:406][289]LogSavePackage: Moving 'X:/ItsOnRepo_UE4/ItsOn_UE4/Saved/Blockout_04_Landscape_Resized_Bu8024EF6641064CB4FE69C1B387AB19C8.tmp' to 'X:/ItsOnRepo_UE4/ItsOn_UE4/Content/Maps/Blockout_04_Landscape_Resized_BuiltData.uasset'
[2019.06.09-00.07.18:051][421]LogSlate: FSceneViewport::OnFocusLost() reason 0
[2019.06.09-00.07.18:139][431]LogTemp: Repeating last play command: Selected Viewport
[2019.06.09-00.07.18:153][431]LogBlueprintUserMessages: Early PlayInEditor Detection: Level '/Game/Maps/Blockout_04_Landscape_Resized.Blockout_04_Landscape_Resized:PersistentLevel' has LevelScriptBlueprint '/Game/Maps/Blockout_04_Landscape_Resized.Blockout_04_Landscape_Resized:PersistentLevel.Blockout_04_Landscape_Resized' with GeneratedClass '/Game/Maps/Blockout_04_Landscape_Resized.Blockout_04_Landscape_Resized_C' with ClassGeneratedBy '/Game/Maps/Blockout_04_Landscape_Resized.Blockout_04_Landscape_Resized:PersistentLevel.Blockout_04_Landscape_Resized'
[2019.06.09-00.07.18:153][431]LogPlayLevel: PlayLevel: No blueprints needed recompiling
[2019.06.09-00.07.18:153][431]PIE: New page: PIE session: Blockout_04_Landscape_Resized (Jun 8, 2019, 10:07:18 AM)
[2019.06.09-00.07.18:166][431]LogPlayLevel: Creating play world package: /Game/Maps/UEDPIE_0_Blockout_04_Landscape_Resized
[2019.06.09-00.07.18:417][431]LogPlayLevel: PIE: StaticDuplicateObject took: (0.250847s)
[2019.06.09-00.07.18:418][431]LogAIModule: Creating AISystem for world Blockout_04_Landscape_Resized
[2019.06.09-00.07.18:418][431]LogPlayLevel: PIE: World Init took: (0.000654s)
[2019.06.09-00.07.18:418][431]LogPlayLevel: PIE: Created PIE world by copying editor world from /Game/Maps/Blockout_04_Landscape_Resized.Blockout_04_Landscape_Resized to /Game/Maps/UEDPIE_0_Blockout_04_Landscape_Resized.Blockout_04_Landscape_Resized (0.251776s)
[2019.06.09-00.07.18:457][431]LogUObjectHash: Compacting FUObjectHashTables data took   1.46ms
[2019.06.09-00.07.18:481][431]LogInit: XAudio2 using 'Speakers (Realtek High Definition Audio)' : 6 channels at 48 kHz using 32 bits per sample (channel mask 0x3f)
[2019.06.09-00.07.18:526][431]LogInit: FAudioDevice initialized.
[2019.06.09-00.07.18:573][431]LogLinker: Warning: Can't find file '/Game/ThirdPersonBP/Blueprints/ThirdPersonGameMode'
[2019.06.09-00.07.18:573][431]LogLinker: Warning: Can't find file '/Game/ThirdPersonBP/Blueprints/ThirdPersonGameMode'
[2019.06.09-00.07.18:573][431]LogUObjectGlobals: Warning: Failed to find object 'Class /Game/ThirdPersonBP/Blueprints/ThirdPersonGameMode.ThirdPersonGameMode_C'
[2019.06.09-00.07.18:573][431]LogLoad: Game class is 'GameModeBase'
[2019.06.09-00.07.18:639][431]LogWorld: Bringing World /Game/Maps/UEDPIE_0_Blockout_04_Landscape_Resized.Blockout_04_Landscape_Resized up for play (max tick rate 0) at 2019.06.08-17.07.18
[2019.06.09-00.07.18:641][431]LogWorld: Bringing up level for play took: 0.065511
[2019.06.09-00.07.18:664][431]LogContentBrowser: Native class hierarchy updated for 'MovieSceneCapture' in 0.0006 seconds. Added 20 classes and 0 folders.
[2019.06.09-00.07.18:665][431]PIE: Play in editor start time for /Game/Maps/UEDPIE_0_Blockout_04_Landscape_Resized 0.611
[2019.06.09-00.07.18:666][431]LogBlueprintUserMessages: Late PlayInEditor Detection: Level '/Game/Maps/Blockout_04_Landscape_Resized.Blockout_04_Landscape_Resized:PersistentLevel' has LevelScriptBlueprint '/Game/Maps/Blockout_04_Landscape_Resized.Blockout_04_Landscape_Resized:PersistentLevel.Blockout_04_Landscape_Resized' with GeneratedClass '/Game/Maps/Blockout_04_Landscape_Resized.Blockout_04_Landscape_Resized_C' with ClassGeneratedBy '/Game/Maps/Blockout_04_Landscape_Resized.Blockout_04_Landscape_Resized:PersistentLevel.Blockout_04_Landscape_Resized'
[2019.06.09-00.07.36:524][514]LogBlueprintUserMessages: Early EndPlayMap Detection: Level '/Game/Maps/Blockout_04_Landscape_Resized.Blockout_04_Landscape_Resized:PersistentLevel' has LevelScriptBlueprint '/Game/Maps/Blockout_04_Landscape_Resized.Blockout_04_Landscape_Resized:PersistentLevel.Blockout_04_Landscape_Resized' with GeneratedClass '/Game/Maps/Blockout_04_Landscape_Resized.Blockout_04_Landscape_Resized_C' with ClassGeneratedBy '/Game/Maps/Blockout_04_Landscape_Resized.Blockout_04_Landscape_Resized:PersistentLevel.Blockout_04_Landscape_Resized'
[2019.06.09-00.07.36:525][514]LogSlate: Updating window title bar state: overlay mode, drag disabled, window buttons hidden, title bar hidden
[2019.06.09-00.07.36:564][514]LogPlayLevel: Display: Shutting down PIE online subsystems
[2019.06.09-00.07.36:564][514]LogBlueprintUserMessages: Late EndPlayMap Detection: Level '/Game/Maps/Blockout_04_Landscape_Resized.Blockout_04_Landscape_Resized:PersistentLevel' has LevelScriptBlueprint '/Game/Maps/Blockout_04_Landscape_Resized.Blockout_04_Landscape_Resized:PersistentLevel.Blockout_04_Landscape_Resized' with GeneratedClass '/Game/Maps/Blockout_04_Landscape_Resized.Blockout_04_Landscape_Resized_C' with ClassGeneratedBy '/Game/Maps/Blockout_04_Landscape_Resized.Blockout_04_Landscape_Resized:PersistentLevel.Blockout_04_Landscape_Resized'
[2019.06.09-00.07.36:614][514]LogSlate: Updating window title bar state: overlay mode, drag disabled, window buttons hidden, title bar hidden
[2019.06.09-00.07.36:622][514]LogUObjectHash: Compacting FUObjectHashTables data took   1.76ms
[2019.06.09-00.07.36:658][515]LogPlayLevel: Display: Destroying online subsystem :Context_4
[2019.06.09-00.07.39:472][846]LogSlate: FSceneViewport::OnFocusLost() reason 0
[2019.06.09-00.08.02:043][207]LogSlate: FSceneViewport::OnFocusLost() reason 0
[2019.06.09-00.08.02:119][216]LogTemp: Repeating last play command: Selected Viewport
[2019.06.09-00.08.02:134][216]LogBlueprintUserMessages: Early PlayInEditor Detection: Level '/Game/Maps/Blockout_04_Landscape_Resized.Blockout_04_Landscape_Resized:PersistentLevel' has LevelScriptBlueprint '/Game/Maps/Blockout_04_Landscape_Resized.Blockout_04_Landscape_Resized:PersistentLevel.Blockout_04_Landscape_Resized' with GeneratedClass '/Game/Maps/Blockout_04_Landscape_Resized.Blockout_04_Landscape_Resized_C' with ClassGeneratedBy '/Game/Maps/Blockout_04_Landscape_Resized.Blockout_04_Landscape_Resized:PersistentLevel.Blockout_04_Landscape_Resized'
[2019.06.09-00.08.02:135][216]LogPlayLevel: PlayLevel: No blueprints needed recompiling
[2019.06.09-00.08.02:135][216]PIE: New page: PIE session: Blockout_04_Landscape_Resized (Jun 8, 2019, 10:08:02 AM)
[2019.06.09-00.08.02:135][216]LogPlayLevel: Creating play world package: /Game/Maps/UEDPIE_0_Blockout_04_Landscape_Resized
[2019.06.09-00.08.02:437][216]LogPlayLevel: PIE: StaticDuplicateObject took: (0.301871s)
[2019.06.09-00.08.02:438][216]LogAIModule: Creating AISystem for world Blockout_04_Landscape_Resized
[2019.06.09-00.08.02:438][216]LogPlayLevel: PIE: World Init took: (0.001042s)
[2019.06.09-00.08.02:438][216]LogPlayLevel: PIE: Created PIE world by copying editor world from /Game/Maps/Blockout_04_Landscape_Resized.Blockout_04_Landscape_Resized to /Game/Maps/UEDPIE_0_Blockout_04_Landscape_Resized.Blockout_04_Landscape_Resized (0.303183s)
[2019.06.09-00.08.02:492][216]LogUObjectHash: Compacting FUObjectHashTables data took   1.82ms
[2019.06.09-00.08.02:523][216]LogInit: XAudio2 using 'Speakers (Realtek High Definition Audio)' : 6 channels at 48 kHz using 32 bits per sample (channel mask 0x3f)
[2019.06.09-00.08.02:570][216]LogInit: FAudioDevice initialized.
[2019.06.09-00.08.02:599][216]LogLoad: Game class is 'GameModeBase'
[2019.06.09-00.08.02:632][216]LogWorld: Bringing World /Game/Maps/UEDPIE_0_Blockout_04_Landscape_Resized.Blockout_04_Landscape_Resized up for play (max tick rate 0) at 2019.06.08-17.08.02
[2019.06.09-00.08.02:632][216]LogWorld: Bringing up level for play took: 0.032270
[2019.06.09-00.08.02:646][216]PIE: Play in editor start time for /Game/Maps/UEDPIE_0_Blockout_04_Landscape_Resized 0.592
[2019.06.09-00.08.02:646][216]LogBlueprintUserMessages: Late PlayInEditor Detection: Level '/Game/Maps/Blockout_04_Landscape_Resized.Blockout_04_Landscape_Resized:PersistentLevel' has LevelScriptBlueprint '/Game/Maps/Blockout_04_Landscape_Resized.Blockout_04_Landscape_Resized:PersistentLevel.Blockout_04_Landscape_Resized' with GeneratedClass '/Game/Maps/Blockout_04_Landscape_Resized.Blockout_04_Landscape_Resized_C' with ClassGeneratedBy '/Game/Maps/Blockout_04_Landscape_Resized.Blockout_04_Landscape_Resized:PersistentLevel.Blockout_04_Landscape_Resized'
[2019.06.09-00.08.14:211][598]LogBlueprintUserMessages: Early EndPlayMap Detection: Level '/Game/Maps/Blockout_04_Landscape_Resized.Blockout_04_Landscape_Resized:PersistentLevel' has LevelScriptBlueprint '/Game/Maps/Blockout_04_Landscape_Resized.Blockout_04_Landscape_Resized:PersistentLevel.Blockout_04_Landscape_Resized' with GeneratedClass '/Game/Maps/Blockout_04_Landscape_Resized.Blockout_04_Landscape_Resized_C' with ClassGeneratedBy '/Game/Maps/Blockout_04_Landscape_Resized.Blockout_04_Landscape_Resized:PersistentLevel.Blockout_04_Landscape_Resized'
[2019.06.09-00.08.14:211][598]LogSlate: Updating window title bar state: overlay mode, drag disabled, window buttons hidden, title bar hidden
[2019.06.09-00.08.14:254][598]LogPlayLevel: Display: Shutting down PIE online subsystems
[2019.06.09-00.08.14:254][598]LogBlueprintUserMessages: Late EndPlayMap Detection: Level '/Game/Maps/Blockout_04_Landscape_Resized.Blockout_04_Landscape_Resized:PersistentLevel' has LevelScriptBlueprint '/Game/Maps/Blockout_04_Landscape_Resized.Blockout_04_Landscape_Resized:PersistentLevel.Blockout_04_Landscape_Resized' with GeneratedClass '/Game/Maps/Blockout_04_Landscape_Resized.Blockout_04_Landscape_Resized_C' with ClassGeneratedBy '/Game/Maps/Blockout_04_Landscape_Resized.Blockout_04_Landscape_Resized:PersistentLevel.Blockout_04_Landscape_Resized'
[2019.06.09-00.08.14:310][598]LogSlate: Updating window title bar state: overlay mode, drag disabled, window buttons hidden, title bar hidden
[2019.06.09-00.08.14:317][598]LogUObjectHash: Compacting FUObjectHashTables data took   1.34ms
[2019.06.09-00.08.14:341][599]LogPlayLevel: Display: Destroying online subsystem :Context_6
[2019.06.09-00.08.21:364][354]LogSlate: FSceneViewport::OnFocusLost() reason 0
[2019.06.09-00.08.28:788][973]LogSlate: FSceneViewport::OnFocusLost() reason 0
[2019.06.09-00.08.30:400][109]LogSlate: FSceneViewport::OnFocusLost() reason 0
[2019.06.09-00.08.34:510][481]Cmd: CAMERA ALIGN ACTIVEVIEWPORTONLY
[2019.06.09-00.08.43:205][417]LogEditorViewport: Clicking on Actor (LMB): Landscape (Landscape)
[2019.06.09-00.08.43:856][470]LogEditorViewport: Clicking on Actor (LMB): SkeletalMeshActor (SK_Mannequin)
[2019.06.09-00.08.45:108][585]LogSlate: FSceneViewport::OnFocusLost() reason 0
[2019.06.09-00.08.50:566][ 60]LogEditorViewport: Clicking on Actor (LMB): SkeletalMeshActor (SK_Mannequin2)
[2019.06.09-00.08.51:696][183]Cmd: DELETE
[2019.06.09-00.08.51:696][183]Cmd: ACTOR DELETE
[2019.06.09-00.08.51:726][183]LogEditorActor: Deleted Actor: SkeletalMeshActor
[2019.06.09-00.08.51:755][183]LogUObjectHash: Compacting FUObjectHashTables data took   1.50ms
[2019.06.09-00.08.51:755][183]LogEditorActor: Deleted 1 Actors (0.059 secs)
[2019.06.09-00.08.52:133][227]LogEditorViewport: Clicking on Actor (LMB): SkeletalMeshActor (SK_Mannequin)
[2019.06.09-00.08.53:346][364]Cmd: TRANSACTION UNDO
[2019.06.09-00.08.53:346][364]LogEditorTransaction: Undo Clicking on Actors
[2019.06.09-00.08.53:690][402]Cmd: TRANSACTION UNDO
[2019.06.09-00.08.53:690][402]LogEditorTransaction: Undo Delete Actors
[2019.06.09-00.08.54:660][487]LogSlate: FSceneViewport::OnFocusLost() reason 0
[2019.06.09-00.09.01:684][ 99]LogTemp: Repeating last play command: Selected Viewport
[2019.06.09-00.09.01:701][ 99]LogBlueprintUserMessages: Early PlayInEditor Detection: Level '/Game/Maps/Blockout_04_Landscape_Resized.Blockout_04_Landscape_Resized:PersistentLevel' has LevelScriptBlueprint '/Game/Maps/Blockout_04_Landscape_Resized.Blockout_04_Landscape_Resized:PersistentLevel.Blockout_04_Landscape_Resized' with GeneratedClass '/Game/Maps/Blockout_04_Landscape_Resized.Blockout_04_Landscape_Resized_C' with ClassGeneratedBy '/Game/Maps/Blockout_04_Landscape_Resized.Blockout_04_Landscape_Resized:PersistentLevel.Blockout_04_Landscape_Resized'
[2019.06.09-00.09.01:701][ 99]LogPlayLevel: PlayLevel: No blueprints needed recompiling
[2019.06.09-00.09.01:701][ 99]PIE: New page: PIE session: Blockout_04_Landscape_Resized (Jun 8, 2019, 10:09:01 AM)
[2019.06.09-00.09.01:702][ 99]LogPlayLevel: Creating play world package: /Game/Maps/UEDPIE_0_Blockout_04_Landscape_Resized
[2019.06.09-00.09.01:973][ 99]LogPlayLevel: PIE: StaticDuplicateObject took: (0.270918s)
[2019.06.09-00.09.01:974][ 99]LogAIModule: Creating AISystem for world Blockout_04_Landscape_Resized
[2019.06.09-00.09.01:974][ 99]LogPlayLevel: PIE: World Init took: (0.000619s)
[2019.06.09-00.09.01:974][ 99]LogPlayLevel: PIE: Created PIE world by copying editor world from /Game/Maps/Blockout_04_Landscape_Resized.Blockout_04_Landscape_Resized to /Game/Maps/UEDPIE_0_Blockout_04_Landscape_Resized.Blockout_04_Landscape_Resized (0.271722s)
[2019.06.09-00.09.02:006][ 99]LogUObjectHash: Compacting FUObjectHashTables data took   1.27ms
[2019.06.09-00.09.02:026][ 99]LogInit: XAudio2 using 'Speakers (Realtek High Definition Audio)' : 6 channels at 48 kHz using 32 bits per sample (channel mask 0x3f)
[2019.06.09-00.09.02:070][ 99]LogInit: FAudioDevice initialized.
[2019.06.09-00.09.02:098][ 99]LogLoad: Game class is 'GameModeBase'
[2019.06.09-00.09.02:126][ 99]LogWorld: Bringing World /Game/Maps/UEDPIE_0_Blockout_04_Landscape_Resized.Blockout_04_Landscape_Resized up for play (max tick rate 0) at 2019.06.08-17.09.02
[2019.06.09-00.09.02:127][ 99]LogWorld: Bringing up level for play took: 0.028508
[2019.06.09-00.09.02:140][ 99]PIE: Play in editor start time for /Game/Maps/UEDPIE_0_Blockout_04_Landscape_Resized 0.086
[2019.06.09-00.09.02:140][ 99]LogBlueprintUserMessages: Late PlayInEditor Detection: Level '/Game/Maps/Blockout_04_Landscape_Resized.Blockout_04_Landscape_Resized:PersistentLevel' has LevelScriptBlueprint '/Game/Maps/Blockout_04_Landscape_Resized.Blockout_04_Landscape_Resized:PersistentLevel.Blockout_04_Landscape_Resized' with GeneratedClass '/Game/Maps/Blockout_04_Landscape_Resized.Blockout_04_Landscape_Resized_C' with ClassGeneratedBy '/Game/Maps/Blockout_04_Landscape_Resized.Blockout_04_Landscape_Resized:PersistentLevel.Blockout_04_Landscape_Resized'
[2019.06.09-00.09.24:498][771]LogBlueprintUserMessages: Early EndPlayMap Detection: Level '/Game/Maps/Blockout_04_Landscape_Resized.Blockout_04_Landscape_Resized:PersistentLevel' has LevelScriptBlueprint '/Game/Maps/Blockout_04_Landscape_Resized.Blockout_04_Landscape_Resized:PersistentLevel.Blockout_04_Landscape_Resized' with GeneratedClass '/Game/Maps/Blockout_04_Landscape_Resized.Blockout_04_Landscape_Resized_C' with ClassGeneratedBy '/Game/Maps/Blockout_04_Landscape_Resized.Blockout_04_Landscape_Resized:PersistentLevel.Blockout_04_Landscape_Resized'
[2019.06.09-00.09.24:498][771]LogSlate: Updating window title bar state: overlay mode, drag disabled, window buttons hidden, title bar hidden
[2019.06.09-00.09.24:539][771]LogPlayLevel: Display: Shutting down PIE online subsystems
[2019.06.09-00.09.24:540][771]LogBlueprintUserMessages: Late EndPlayMap Detection: Level '/Game/Maps/Blockout_04_Landscape_Resized.Blockout_04_Landscape_Resized:PersistentLevel' has LevelScriptBlueprint '/Game/Maps/Blockout_04_Landscape_Resized.Blockout_04_Landscape_Resized:PersistentLevel.Blockout_04_Landscape_Resized' with GeneratedClass '/Game/Maps/Blockout_04_Landscape_Resized.Blockout_04_Landscape_Resized_C' with ClassGeneratedBy '/Game/Maps/Blockout_04_Landscape_Resized.Blockout_04_Landscape_Resized:PersistentLevel.Blockout_04_Landscape_Resized'
[2019.06.09-00.09.24:588][771]LogSlate: Updating window title bar state: overlay mode, drag disabled, window buttons hidden, title bar hidden
[2019.06.09-00.09.24:596][771]LogUObjectHash: Compacting FUObjectHashTables data took   1.21ms
[2019.06.09-00.09.24:620][772]LogPlayLevel: Display: Destroying online subsystem :Context_7
[2019.06.09-00.09.28:123][169]LogSlate: FSceneViewport::OnFocusLost() reason 0
[2019.06.09-00.09.44:981][132]LogSlate: FSceneViewport::OnFocusLost() reason 0
[2019.06.09-00.10.14:187][832]LogSlate: FSceneViewport::OnFocusLost() reason 2
[2019.06.09-00.10.23:277][292]LogSlate: FSceneViewport::OnFocusLost() reason 0
[2019.06.09-00.10.25:146][316]LogSlate: FSceneViewport::OnFocusLost() reason 0
[2019.06.09-00.10.39:745][533]LogSlate: FSceneViewport::OnFocusLost() reason 2
[2019.06.09-00.10.53:858][619]Cmd: TRANSACTION UNDO
[2019.06.09-00.10.53:858][619]LogEditorTransaction: Undo Marquee Select
[2019.06.09-00.13.06:634][524]Cmd: CAMERA ALIGN ACTIVEVIEWPORTONLY
[2019.06.09-00.13.07:933][665]LogSlate: FSceneViewport::OnFocusLost() reason 0
[2019.06.09-00.13.09:013][688]LogSlate: FSceneViewport::OnFocusLost() reason 0
[2019.06.09-00.13.22:828][411]Cmd: CAMERA ALIGN ACTIVEVIEWPORTONLY
[2019.06.09-00.13.24:670][514]LogEditorViewport: Clicking on Actor (LMB): StaticMeshActor (Beach_Cliffs_01_Beach_Cliff_22)
[2019.06.09-00.13.24:881][525]Cmd: CAMERA ALIGN ACTIVEVIEWPORTONLY
[2019.06.09-00.13.33:585][489]LogEditorViewport: Clicking on Actor (LMB): Landscape (Landscape)
[2019.06.09-00.13.37:258][853]LogSlate: FSceneViewport::OnFocusLost() reason 0
[2019.06.09-00.13.50:099][218]LogSlate: FSceneViewport::OnFocusLost() reason 0
[2019.06.09-00.13.52:466][440]LogTexture: Display: Building textures: Texture2D_2 (G8, 128X128)
[2019.06.09-00.13.56:643][894]Cmd: TRANSACTION UNDO
[2019.06.09-00.13.56:643][894]LogEditorTransaction: Undo Landscape Editing: Smooth
[2019.06.09-00.13.57:603][934]LogSlate: FSceneViewport::OnFocusLost() reason 0
[2019.06.09-00.14.13:115][743]LogSlate: FSceneViewport::OnFocusLost() reason 0
[2019.06.09-00.14.13:862][830]LogTemp: Repeating last play command: Selected Viewport
[2019.06.09-00.14.13:876][830]LogBlueprintUserMessages: Early PlayInEditor Detection: Level '/Game/Maps/Blockout_04_Landscape_Resized.Blockout_04_Landscape_Resized:PersistentLevel' has LevelScriptBlueprint '/Game/Maps/Blockout_04_Landscape_Resized.Blockout_04_Landscape_Resized:PersistentLevel.Blockout_04_Landscape_Resized' with GeneratedClass '/Game/Maps/Blockout_04_Landscape_Resized.Blockout_04_Landscape_Resized_C' with ClassGeneratedBy '/Game/Maps/Blockout_04_Landscape_Resized.Blockout_04_Landscape_Resized:PersistentLevel.Blockout_04_Landscape_Resized'
[2019.06.09-00.14.13:876][830]LogPlayLevel: PlayLevel: No blueprints needed recompiling
[2019.06.09-00.14.13:877][830]PIE: New page: PIE session: Blockout_04_Landscape_Resized (Jun 8, 2019, 10:14:13 AM)
[2019.06.09-00.14.13:877][830]LogPlayLevel: Creating play world package: /Game/Maps/UEDPIE_0_Blockout_04_Landscape_Resized
[2019.06.09-00.14.14:140][830]LogPlayLevel: PIE: StaticDuplicateObject took: (0.262285s)
[2019.06.09-00.14.14:140][830]LogAIModule: Creating AISystem for world Blockout_04_Landscape_Resized
[2019.06.09-00.14.14:140][830]LogPlayLevel: PIE: World Init took: (0.001333s)
[2019.06.09-00.14.14:141][830]LogPlayLevel: PIE: Created PIE world by copying editor world from /Game/Maps/Blockout_04_Landscape_Resized.Blockout_04_Landscape_Resized to /Game/Maps/UEDPIE_0_Blockout_04_Landscape_Resized.Blockout_04_Landscape_Resized (0.263921s)
[2019.06.09-00.14.14:179][830]LogUObjectHash: Compacting FUObjectHashTables data took   1.26ms
[2019.06.09-00.14.14:198][830]LogInit: XAudio2 using 'Speakers (Realtek High Definition Audio)' : 6 channels at 48 kHz using 32 bits per sample (channel mask 0x3f)
[2019.06.09-00.14.14:239][830]LogInit: FAudioDevice initialized.
[2019.06.09-00.14.14:274][830]LogLoad: Game class is 'GameModeBase'
[2019.06.09-00.14.14:309][830]LogWorld: Bringing World /Game/Maps/UEDPIE_0_Blockout_04_Landscape_Resized.Blockout_04_Landscape_Resized up for play (max tick rate 0) at 2019.06.08-17.14.14
[2019.06.09-00.14.14:311][830]LogWorld: Bringing up level for play took: 0.036415
[2019.06.09-00.14.14:325][830]PIE: Play in editor start time for /Game/Maps/UEDPIE_0_Blockout_04_Landscape_Resized 0.271
[2019.06.09-00.14.14:325][830]LogBlueprintUserMessages: Late PlayInEditor Detection: Level '/Game/Maps/Blockout_04_Landscape_Resized.Blockout_04_Landscape_Resized:PersistentLevel' has LevelScriptBlueprint '/Game/Maps/Blockout_04_Landscape_Resized.Blockout_04_Landscape_Resized:PersistentLevel.Blockout_04_Landscape_Resized' with GeneratedClass '/Game/Maps/Blockout_04_Landscape_Resized.Blockout_04_Landscape_Resized_C' with ClassGeneratedBy '/Game/Maps/Blockout_04_Landscape_Resized.Blockout_04_Landscape_Resized:PersistentLevel.Blockout_04_Landscape_Resized'
[2019.06.09-00.14.25:696][103]LogBlueprintUserMessages: Early EndPlayMap Detection: Level '/Game/Maps/Blockout_04_Landscape_Resized.Blockout_04_Landscape_Resized:PersistentLevel' has LevelScriptBlueprint '/Game/Maps/Blockout_04_Landscape_Resized.Blockout_04_Landscape_Resized:PersistentLevel.Blockout_04_Landscape_Resized' with GeneratedClass '/Game/Maps/Blockout_04_Landscape_Resized.Blockout_04_Landscape_Resized_C' with ClassGeneratedBy '/Game/Maps/Blockout_04_Landscape_Resized.Blockout_04_Landscape_Resized:PersistentLevel.Blockout_04_Landscape_Resized'
[2019.06.09-00.14.25:697][103]LogSlate: Updating window title bar state: overlay mode, drag disabled, window buttons hidden, title bar hidden
[2019.06.09-00.14.25:742][103]LogPlayLevel: Display: Shutting down PIE online subsystems
[2019.06.09-00.14.25:743][103]LogBlueprintUserMessages: Late EndPlayMap Detection: Level '/Game/Maps/Blockout_04_Landscape_Resized.Blockout_04_Landscape_Resized:PersistentLevel' has LevelScriptBlueprint '/Game/Maps/Blockout_04_Landscape_Resized.Blockout_04_Landscape_Resized:PersistentLevel.Blockout_04_Landscape_Resized' with GeneratedClass '/Game/Maps/Blockout_04_Landscape_Resized.Blockout_04_Landscape_Resized_C' with ClassGeneratedBy '/Game/Maps/Blockout_04_Landscape_Resized.Blockout_04_Landscape_Resized:PersistentLevel.Blockout_04_Landscape_Resized'
[2019.06.09-00.14.25:792][103]LogSlate: Updating window title bar state: overlay mode, drag disabled, window buttons hidden, title bar hidden
[2019.06.09-00.14.25:798][103]LogUObjectHash: Compacting FUObjectHashTables data took   1.07ms
[2019.06.09-00.14.25:845][104]LogPlayLevel: Display: Destroying online subsystem :Context_8
[2019.06.09-00.14.26:750][203]LogEditorViewport: Clicking on Actor (LMB): SkeletalMeshActor (SK_Mannequin)
[2019.06.09-00.14.27:662][302]Cmd: DELETE
[2019.06.09-00.14.27:662][302]Cmd: ACTOR DELETE
[2019.06.09-00.14.27:692][302]LogEditorActor: Deleted Actor: SkeletalMeshActor
[2019.06.09-00.14.27:721][302]LogUObjectHash: Compacting FUObjectHashTables data took   0.69ms
[2019.06.09-00.14.27:721][302]LogEditorActor: Deleted 1 Actors (0.059 secs)
[2019.06.09-00.14.28:178][355]LogEditorViewport: Clicking on Actor (LMB): SkeletalMeshActor (SK_Mannequin2)
[2019.06.09-00.14.28:250][356]Cmd: DELETE
[2019.06.09-00.14.28:250][356]Cmd: ACTOR DELETE
[2019.06.09-00.14.28:294][356]LogEditorActor: Deleted Actor: SkeletalMeshActor
[2019.06.09-00.14.28:332][356]LogUObjectHash: Compacting FUObjectHashTables data took   0.62ms
[2019.06.09-00.14.28:333][356]LogEditorActor: Deleted 1 Actors (0.083 secs)
[2019.06.09-00.14.35:243][105]LogSlate: FSceneViewport::OnFocusLost() reason 2
[2019.06.09-00.14.35:250][105]Cmd: OBJ SAVEPACKAGE PACKAGE="/Game/Maps/Blockout_04_Landscape_Resized" FILE="X:/ItsOnRepo_UE4/ItsOn_UE4/Content/Maps/Blockout_04_Landscape_Resized.umap" SILENT=true AUTOSAVING=false KEEPDIRTY=false
[2019.06.09-00.14.35:281][105]LogUObjectHash: Compacting FUObjectHashTables data took   0.66ms
[2019.06.09-00.14.35:656][105]LogTexture: Display: Building textures: Texture2D_806 (BGRA8, 512X512)
[2019.06.09-00.14.35:662][105]LogTexture: Display: Building textures: Texture2D_821 (BGRA8, 512X512)
[2019.06.09-00.14.39:494][105]LogSavePackage: Moving 'X:/ItsOnRepo_UE4/ItsOn_UE4/Saved/Blockout_04_Landscape_ResizedAE9B6AC44AF98366D47397B8C5439079.tmp' to 'X:/ItsOnRepo_UE4/ItsOn_UE4/Content/Maps/Blockout_04_Landscape_Resized.umap'
[2019.06.09-00.14.39:526][105]Cmd: OBJ SAVEPACKAGE PACKAGE="/Game/Maps/Blockout_04_Landscape_Resized_BuiltData" FILE="X:/ItsOnRepo_UE4/ItsOn_UE4/Content/Maps/Blockout_04_Landscape_Resized_BuiltData.uasset" SILENT=true
[2019.06.09-00.14.39:606][105]LogSavePackage: Moving 'X:/ItsOnRepo_UE4/ItsOn_UE4/Saved/Blockout_04_Landscape_Resized_BuDA112A774D111BD4AAE5A9A50B6DC31C.tmp' to 'X:/ItsOnRepo_UE4/ItsOn_UE4/Content/Maps/Blockout_04_Landscape_Resized_BuiltData.uasset'
[2019.06.09-00.14.53:168][592]LogUObjectHash: Compacting FUObjectHashTables data took   2.15ms
[2019.06.09-00.14.53:169][592]LogMetaData: Removing '/Game/Maps/Blockout_05_Landscape_Resized.Blockout_05_Landscape_Resized_C' ref from Metadata '/Game/Maps/Blockout_04_Landscape_Resized.PackageMetaData'
[2019.06.09-00.14.53:169][592]LogMetaData: Removing '/Game/Maps/Blockout_05_Landscape_Resized.SKEL_Blockout_05_Landscape_Resized_C' ref from Metadata '/Game/Maps/Blockout_04_Landscape_Resized.PackageMetaData'
[2019.06.09-00.14.53:199][592]Cmd: OBJ SAVEPACKAGE PACKAGE="/Game/Maps/Blockout_05_Landscape_Resized_BuiltData" FILE="X:/ItsOnRepo_UE4/ItsOn_UE4/Content/Maps/Blockout_05_Landscape_Resized_BuiltData.uasset" SILENT=true
[2019.06.09-00.14.53:273][592]LogSavePackage: Moving 'X:/ItsOnRepo_UE4/ItsOn_UE4/Saved/Blockout_05_Landscape_Resized_Bu2BA7740242A40EB7E2587DA75D7A686B.tmp' to 'X:/ItsOnRepo_UE4/ItsOn_UE4/Content/Maps/Blockout_05_Landscape_Resized_BuiltData.uasset'
[2019.06.09-00.14.53:279][592]Cmd: OBJ SAVEPACKAGE PACKAGE="/Game/Maps/Blockout_05_Landscape_Resized" FILE="X:/ItsOnRepo_UE4/ItsOn_UE4/Content/Maps/Blockout_05_Landscape_Resized.umap" SILENT=true AUTOSAVING=false KEEPDIRTY=false
[2019.06.09-00.14.53:310][592]LogUObjectHash: Compacting FUObjectHashTables data took   1.28ms
[2019.06.09-00.14.57:537][592]LogSavePackage: Moving 'X:/ItsOnRepo_UE4/ItsOn_UE4/Saved/Blockout_05_Landscape_ResizedD3FEBAC748404ABB011E4281E74C3186.tmp' to 'X:/ItsOnRepo_UE4/ItsOn_UE4/Content/Maps/Blockout_05_Landscape_Resized.umap'
[2019.06.09-00.14.57:564][592]LogFileHelpers: Saving map 'Blockout_05_Landscape_Resized' took 4.286
[2019.06.09-00.14.57:786][592]LogUObjectHash: Compacting FUObjectHashTables data took   1.57ms
[2019.06.09-00.14.57:818][592]LogUObjectHash: Compacting FUObjectHashTables data took   0.64ms
[2019.06.09-00.14.57:851][592]LogUObjectHash: Compacting FUObjectHashTables data took   1.33ms
[2019.06.09-00.14.57:882][592]LogUObjectHash: Compacting FUObjectHashTables data took   0.82ms
[2019.06.09-00.15.01:164][951]LogUObjectHash: Compacting FUObjectHashTables data took   0.64ms
